{"C:\\Users\\anand\\PlanetLeagueApp\\app\\+not-found.tsx": {"path":"C:\\Users\\anand\\PlanetLeagueApp\\app\\+not-found.tsx","statementMap":{"0":{"start":{"line":8,"column":2},"end":{"line":18,"column":4}},"1":{"start":{"line":21,"column":15},"end":{"line":32,"column":2}}},"fnMap":{"0":{"name":"NotFoundScreen","decl":{"start":{"line":7,"column":24},"end":{"line":7,"column":38}},"loc":{"start":{"line":7,"column":41},"end":{"line":19,"column":1}},"line":7}},"branchMap":{},"s":{"0":0,"1":0},"f":{"0":0},"b":{}}
,"C:\\Users\\anand\\PlanetLeagueApp\\app\\LoadingScreen.tsx": {"path":"C:\\Users\\anand\\PlanetLeagueApp\\app\\LoadingScreen.tsx","statementMap":{"0":{"start":{"line":6,"column":2},"end":{"line":11,"column":4}},"1":{"start":{"line":14,"column":15},"end":{"line":25,"column":2}}},"fnMap":{"0":{"name":"LoadingScreen","decl":{"start":{"line":5,"column":24},"end":{"line":5,"column":37}},"loc":{"start":{"line":5,"column":40},"end":{"line":12,"column":1}},"line":5}},"branchMap":{},"s":{"0":0,"1":0},"f":{"0":0},"b":{}}
,"C:\\Users\\anand\\PlanetLeagueApp\\app\\LoginScreen.tsx": {"path":"C:\\Users\\anand\\PlanetLeagueApp\\app\\LoginScreen.tsx","statementMap":{"0":{"start":{"line":15,"column":15},"end":{"line":15,"column":55}},"1":{"start":{"line":17,"column":20},"end":{"line":133,"column":1}},"2":{"start":{"line":18,"column":17},"end":{"line":18,"column":28}},"3":{"start":{"line":19,"column":48},"end":{"line":19,"column":63}},"4":{"start":{"line":22,"column":2},"end":{"line":30,"column":9}},"5":{"start":{"line":23,"column":4},"end":{"line":23,"column":71}},"6":{"start":{"line":24,"column":4},"end":{"line":24,"column":121}},"7":{"start":{"line":26,"column":4},"end":{"line":28,"column":7}},"8":{"start":{"line":29,"column":4},"end":{"line":29,"column":68}},"9":{"start":{"line":33,"column":29},"end":{"line":110,"column":3}},"10":{"start":{"line":34,"column":4},"end":{"line":42,"column":5}},"11":{"start":{"line":35,"column":6},"end":{"line":41,"column":7}},"12":{"start":{"line":36,"column":8},"end":{"line":36,"column":83}},"13":{"start":{"line":38,"column":8},"end":{"line":38,"column":60}},"14":{"start":{"line":39,"column":8},"end":{"line":39,"column":83}},"15":{"start":{"line":40,"column":8},"end":{"line":40,"column":15}},"16":{"start":{"line":44,"column":4},"end":{"line":44,"column":29}},"17":{"start":{"line":45,"column":4},"end":{"line":109,"column":5}},"18":{"start":{"line":46,"column":6},"end":{"line":46,"column":72}},"19":{"start":{"line":47,"column":23},"end":{"line":47,"column":50}},"20":{"start":{"line":48,"column":6},"end":{"line":48,"column":76}},"21":{"start":{"line":50,"column":6},"end":{"line":92,"column":7}},"22":{"start":{"line":51,"column":24},"end":{"line":51,"column":45}},"23":{"start":{"line":52,"column":8},"end":{"line":52,"column":71}},"24":{"start":{"line":55,"column":24},"end":{"line":55,"column":87}},"25":{"start":{"line":57,"column":8},"end":{"line":64,"column":9}},"26":{"start":{"line":58,"column":27},"end":{"line":58,"column":60}},"27":{"start":{"line":59,"column":10},"end":{"line":59,"column":34}},"28":{"start":{"line":60,"column":10},"end":{"line":62,"column":11}},"29":{"start":{"line":61,"column":12},"end":{"line":61,"column":57}},"30":{"start":{"line":63,"column":10},"end":{"line":63,"column":36}},"31":{"start":{"line":66,"column":23},"end":{"line":66,"column":51}},"32":{"start":{"line":68,"column":25},"end":{"line":75,"column":10}},"33":{"start":{"line":77,"column":8},"end":{"line":80,"column":9}},"34":{"start":{"line":78,"column":28},"end":{"line":78,"column":97}},"35":{"start":{"line":78,"column":63},"end":{"line":78,"column":95}},"36":{"start":{"line":79,"column":10},"end":{"line":79,"column":94}},"37":{"start":{"line":82,"column":8},"end":{"line":82,"column":69}},"38":{"start":{"line":83,"column":8},"end":{"line":83,"column":34}},"39":{"start":{"line":85,"column":13},"end":{"line":92,"column":7}},"40":{"start":{"line":86,"column":8},"end":{"line":86,"column":81}},"41":{"start":{"line":87,"column":8},"end":{"line":87,"column":71}},"42":{"start":{"line":90,"column":8},"end":{"line":90,"column":92}},"43":{"start":{"line":91,"column":8},"end":{"line":91,"column":102}},"44":{"start":{"line":95,"column":6},"end":{"line":95,"column":88}},"45":{"start":{"line":97,"column":6},"end":{"line":106,"column":7}},"46":{"start":{"line":98,"column":8},"end":{"line":98,"column":67}},"47":{"start":{"line":99,"column":13},"end":{"line":106,"column":7}},"48":{"start":{"line":100,"column":8},"end":{"line":100,"column":70}},"49":{"start":{"line":101,"column":13},"end":{"line":106,"column":7}},"50":{"start":{"line":102,"column":8},"end":{"line":102,"column":80}},"51":{"start":{"line":105,"column":8},"end":{"line":105,"column":87}},"52":{"start":{"line":108,"column":6},"end":{"line":108,"column":32}},"53":{"start":{"line":112,"column":2},"end":{"line":132,"column":4}},"54":{"start":{"line":136,"column":15},"end":{"line":180,"column":2}}},"fnMap":{"0":{"name":"(anonymous_0)","decl":{"start":{"line":17,"column":20},"end":{"line":17,"column":21}},"loc":{"start":{"line":17,"column":26},"end":{"line":133,"column":1}},"line":17},"1":{"name":"(anonymous_1)","decl":{"start":{"line":22,"column":12},"end":{"line":22,"column":13}},"loc":{"start":{"line":22,"column":18},"end":{"line":30,"column":3}},"line":22},"2":{"name":"(anonymous_2)","decl":{"start":{"line":33,"column":29},"end":{"line":33,"column":30}},"loc":{"start":{"line":33,"column":41},"end":{"line":110,"column":3}},"line":33},"3":{"name":"(anonymous_3)","decl":{"start":{"line":78,"column":56},"end":{"line":78,"column":57}},"loc":{"start":{"line":78,"column":63},"end":{"line":78,"column":95}},"line":78}},"branchMap":{"0":{"loc":{"start":{"line":34,"column":4},"end":{"line":42,"column":5}},"type":"if","locations":[{"start":{"line":34,"column":4},"end":{"line":42,"column":5}},{"start":{},"end":{}}],"line":34},"1":{"loc":{"start":{"line":50,"column":6},"end":{"line":92,"column":7}},"type":"if","locations":[{"start":{"line":50,"column":6},"end":{"line":92,"column":7}},{"start":{"line":85,"column":13},"end":{"line":92,"column":7}}],"line":50},"2":{"loc":{"start":{"line":50,"column":10},"end":{"line":50,"column":63}},"type":"binary-expr","locations":[{"start":{"line":50,"column":10},"end":{"line":50,"column":37}},{"start":{"line":50,"column":41},"end":{"line":50,"column":63}}],"line":50},"3":{"loc":{"start":{"line":55,"column":24},"end":{"line":55,"column":87}},"type":"cond-expr","locations":[{"start":{"line":55,"column":33},"end":{"line":55,"column":49}},{"start":{"line":55,"column":52},"end":{"line":55,"column":87}}],"line":55},"4":{"loc":{"start":{"line":57,"column":8},"end":{"line":64,"column":9}},"type":"if","locations":[{"start":{"line":57,"column":8},"end":{"line":64,"column":9}},{"start":{},"end":{}}],"line":57},"5":{"loc":{"start":{"line":60,"column":10},"end":{"line":62,"column":11}},"type":"if","locations":[{"start":{"line":60,"column":10},"end":{"line":62,"column":11}},{"start":{},"end":{}}],"line":60},"6":{"loc":{"start":{"line":77,"column":8},"end":{"line":80,"column":9}},"type":"if","locations":[{"start":{"line":77,"column":8},"end":{"line":80,"column":9}},{"start":{},"end":{}}],"line":77},"7":{"loc":{"start":{"line":79,"column":50},"end":{"line":79,"column":90}},"type":"binary-expr","locations":[{"start":{"line":79,"column":50},"end":{"line":79,"column":67}},{"start":{"line":79,"column":71},"end":{"line":79,"column":90}}],"line":79},"8":{"loc":{"start":{"line":85,"column":13},"end":{"line":92,"column":7}},"type":"if","locations":[{"start":{"line":85,"column":13},"end":{"line":92,"column":7}},{"start":{"line":89,"column":13},"end":{"line":92,"column":7}}],"line":85},"9":{"loc":{"start":{"line":97,"column":6},"end":{"line":106,"column":7}},"type":"if","locations":[{"start":{"line":97,"column":6},"end":{"line":106,"column":7}},{"start":{"line":99,"column":13},"end":{"line":106,"column":7}}],"line":97},"10":{"loc":{"start":{"line":99,"column":13},"end":{"line":106,"column":7}},"type":"if","locations":[{"start":{"line":99,"column":13},"end":{"line":106,"column":7}},{"start":{"line":101,"column":13},"end":{"line":106,"column":7}}],"line":99},"11":{"loc":{"start":{"line":101,"column":13},"end":{"line":106,"column":7}},"type":"if","locations":[{"start":{"line":101,"column":13},"end":{"line":106,"column":7}},{"start":{"line":103,"column":13},"end":{"line":106,"column":7}}],"line":101},"12":{"loc":{"start":{"line":105,"column":37},"end":{"line":105,"column":85}},"type":"binary-expr","locations":[{"start":{"line":105,"column":37},"end":{"line":105,"column":50}},{"start":{"line":105,"column":54},"end":{"line":105,"column":85}}],"line":105},"13":{"loc":{"start":{"line":119,"column":9},"end":{"line":129,"column":9}},"type":"cond-expr","locations":[{"start":{"line":120,"column":10},"end":{"line":120,"column":60}},{"start":{"line":122,"column":10},"end":{"line":128,"column":29}}],"line":119}},"s":{"0":0,"1":0,"2":0,"3":0,"4":0,"5":0,"6":0,"7":0,"8":0,"9":0,"10":0,"11":0,"12":0,"13":0,"14":0,"15":0,"16":0,"17":0,"18":0,"19":0,"20":0,"21":0,"22":0,"23":0,"24":0,"25":0,"26":0,"27":0,"28":0,"29":0,"30":0,"31":0,"32":0,"33":0,"34":0,"35":0,"36":0,"37":0,"38":0,"39":0,"40":0,"41":0,"42":0,"43":0,"44":0,"45":0,"46":0,"47":0,"48":0,"49":0,"50":0,"51":0,"52":0,"53":0,"54":0},"f":{"0":0,"1":0,"2":0,"3":0},"b":{"0":[0,0],"1":[0,0],"2":[0,0],"3":[0,0],"4":[0,0],"5":[0,0],"6":[0,0],"7":[0,0],"8":[0,0],"9":[0,0],"10":[0,0],"11":[0,0],"12":[0,0],"13":[0,0]}}
,"C:\\Users\\anand\\PlanetLeagueApp\\app\\_layout.tsx": {"path":"C:\\Users\\anand\\PlanetLeagueApp\\app\\_layout.tsx","statementMap":{"0":{"start":{"line":13,"column":0},"end":{"line":13,"column":36}},"1":{"start":{"line":17,"column":22},"end":{"line":17,"column":38}},"2":{"start":{"line":18,"column":35},"end":{"line":18,"column":44}},"3":{"start":{"line":19,"column":19},"end":{"line":19,"column":32}},"4":{"start":{"line":20,"column":17},"end":{"line":20,"column":28}},"5":{"start":{"line":21,"column":40},"end":{"line":21,"column":55}},"6":{"start":{"line":24,"column":2},"end":{"line":28,"column":9}},"7":{"start":{"line":25,"column":4},"end":{"line":27,"column":12}},"8":{"start":{"line":26,"column":6},"end":{"line":26,"column":37}},"9":{"start":{"line":31,"column":2},"end":{"line":44,"column":60}},"10":{"start":{"line":32,"column":4},"end":{"line":32,"column":42}},"11":{"start":{"line":32,"column":35},"end":{"line":32,"column":42}},"12":{"start":{"line":34,"column":24},"end":{"line":34,"column":48}},"13":{"start":{"line":37,"column":4},"end":{"line":43,"column":5}},"14":{"start":{"line":39,"column":6},"end":{"line":39,"column":38}},"15":{"start":{"line":40,"column":11},"end":{"line":43,"column":5}},"16":{"start":{"line":42,"column":6},"end":{"line":42,"column":32}},"17":{"start":{"line":47,"column":2},"end":{"line":49,"column":9}},"18":{"start":{"line":48,"column":4},"end":{"line":48,"column":25}},"19":{"start":{"line":52,"column":2},"end":{"line":54,"column":3}},"20":{"start":{"line":53,"column":4},"end":{"line":53,"column":29}},"21":{"start":{"line":56,"column":2},"end":{"line":61,"column":4}},"22":{"start":{"line":66,"column":2},"end":{"line":70,"column":4}}},"fnMap":{"0":{"name":"RootLayoutNav","decl":{"start":{"line":16,"column":9},"end":{"line":16,"column":22}},"loc":{"start":{"line":16,"column":25},"end":{"line":62,"column":1}},"line":16},"1":{"name":"(anonymous_1)","decl":{"start":{"line":24,"column":12},"end":{"line":24,"column":13}},"loc":{"start":{"line":24,"column":18},"end":{"line":28,"column":3}},"line":24},"2":{"name":"(anonymous_2)","decl":{"start":{"line":25,"column":15},"end":{"line":25,"column":16}},"loc":{"start":{"line":25,"column":27},"end":{"line":27,"column":5}},"line":25},"3":{"name":"(anonymous_3)","decl":{"start":{"line":31,"column":12},"end":{"line":31,"column":13}},"loc":{"start":{"line":31,"column":18},"end":{"line":44,"column":3}},"line":31},"4":{"name":"(anonymous_4)","decl":{"start":{"line":47,"column":12},"end":{"line":47,"column":13}},"loc":{"start":{"line":47,"column":18},"end":{"line":49,"column":3}},"line":47},"5":{"name":"RootLayout","decl":{"start":{"line":65,"column":24},"end":{"line":65,"column":34}},"loc":{"start":{"line":65,"column":37},"end":{"line":71,"column":1}},"line":65}},"branchMap":{"0":{"loc":{"start":{"line":32,"column":4},"end":{"line":32,"column":42}},"type":"if","locations":[{"start":{"line":32,"column":4},"end":{"line":32,"column":42}},{"start":{},"end":{}}],"line":32},"1":{"loc":{"start":{"line":32,"column":8},"end":{"line":32,"column":33}},"type":"binary-expr","locations":[{"start":{"line":32,"column":8},"end":{"line":32,"column":17}},{"start":{"line":32,"column":21},"end":{"line":32,"column":33}}],"line":32},"2":{"loc":{"start":{"line":37,"column":4},"end":{"line":43,"column":5}},"type":"if","locations":[{"start":{"line":37,"column":4},"end":{"line":43,"column":5}},{"start":{"line":40,"column":11},"end":{"line":43,"column":5}}],"line":37},"3":{"loc":{"start":{"line":37,"column":8},"end":{"line":37,"column":34}},"type":"binary-expr","locations":[{"start":{"line":37,"column":8},"end":{"line":37,"column":18}},{"start":{"line":37,"column":22},"end":{"line":37,"column":34}}],"line":37},"4":{"loc":{"start":{"line":40,"column":11},"end":{"line":43,"column":5}},"type":"if","locations":[{"start":{"line":40,"column":11},"end":{"line":43,"column":5}},{"start":{},"end":{}}],"line":40},"5":{"loc":{"start":{"line":40,"column":15},"end":{"line":40,"column":39}},"type":"binary-expr","locations":[{"start":{"line":40,"column":15},"end":{"line":40,"column":24}},{"start":{"line":40,"column":28},"end":{"line":40,"column":39}}],"line":40},"6":{"loc":{"start":{"line":52,"column":2},"end":{"line":54,"column":3}},"type":"if","locations":[{"start":{"line":52,"column":2},"end":{"line":54,"column":3}},{"start":{},"end":{}}],"line":52},"7":{"loc":{"start":{"line":57,"column":26},"end":{"line":57,"column":75}},"type":"cond-expr","locations":[{"start":{"line":57,"column":51},"end":{"line":57,"column":60}},{"start":{"line":57,"column":63},"end":{"line":57,"column":75}}],"line":57}},"s":{"0":0,"1":0,"2":0,"3":0,"4":0,"5":0,"6":0,"7":0,"8":0,"9":0,"10":0,"11":0,"12":0,"13":0,"14":0,"15":0,"16":0,"17":0,"18":0,"19":0,"20":0,"21":0,"22":0},"f":{"0":0,"1":0,"2":0,"3":0,"4":0,"5":0},"b":{"0":[0,0],"1":[0,0],"2":[0,0],"3":[0,0],"4":[0,0],"5":[0,0],"6":[0,0],"7":[0,0]}}
,"C:\\Users\\anand\\PlanetLeagueApp\\app\\gameplayer.tsx": {"path":"C:\\Users\\anand\\PlanetLeagueApp\\app\\gameplayer.tsx","statementMap":{"0":{"start":{"line":10,"column":25},"end":{"line":63,"column":1}},"1":{"start":{"line":11,"column":32},"end":{"line":11,"column":93}},"2":{"start":{"line":12,"column":19},"end":{"line":12,"column":28}},"3":{"start":{"line":13,"column":17},"end":{"line":13,"column":28}},"4":{"start":{"line":15,"column":2},"end":{"line":23,"column":3}},"5":{"start":{"line":17,"column":4},"end":{"line":22,"column":6}},"6":{"start":{"line":20,"column":47},"end":{"line":20,"column":60}},"7":{"start":{"line":25,"column":2},"end":{"line":33,"column":3}},"8":{"start":{"line":27,"column":4},"end":{"line":32,"column":6}},"9":{"start":{"line":30,"column":47},"end":{"line":30,"column":60}},"10":{"start":{"line":35,"column":23},"end":{"line":43,"column":3}},"11":{"start":{"line":38,"column":4},"end":{"line":42,"column":5}},"12":{"start":{"line":39,"column":6},"end":{"line":39,"column":41}},"13":{"start":{"line":41,"column":6},"end":{"line":41,"column":70}},"14":{"start":{"line":45,"column":2},"end":{"line":62,"column":4}},"15":{"start":{"line":53,"column":10},"end":{"line":53,"column":76}},"16":{"start":{"line":58,"column":63},"end":{"line":58,"column":79}},"17":{"start":{"line":59,"column":59},"end":{"line":59,"column":75}},"18":{"start":{"line":65,"column":15},"end":{"line":102,"column":2}}},"fnMap":{"0":{"name":"(anonymous_0)","decl":{"start":{"line":10,"column":25},"end":{"line":10,"column":26}},"loc":{"start":{"line":10,"column":31},"end":{"line":63,"column":1}},"line":10},"1":{"name":"(anonymous_1)","decl":{"start":{"line":20,"column":41},"end":{"line":20,"column":42}},"loc":{"start":{"line":20,"column":47},"end":{"line":20,"column":60}},"line":20},"2":{"name":"(anonymous_2)","decl":{"start":{"line":30,"column":41},"end":{"line":30,"column":42}},"loc":{"start":{"line":30,"column":47},"end":{"line":30,"column":60}},"line":30},"3":{"name":"(anonymous_3)","decl":{"start":{"line":35,"column":23},"end":{"line":35,"column":24}},"loc":{"start":{"line":35,"column":43},"end":{"line":43,"column":3}},"line":35},"4":{"name":"(anonymous_4)","decl":{"start":{"line":52,"column":23},"end":{"line":52,"column":24}},"loc":{"start":{"line":53,"column":10},"end":{"line":53,"column":76}},"line":53},"5":{"name":"(anonymous_5)","decl":{"start":{"line":58,"column":57},"end":{"line":58,"column":58}},"loc":{"start":{"line":58,"column":63},"end":{"line":58,"column":79}},"line":58},"6":{"name":"(anonymous_6)","decl":{"start":{"line":59,"column":53},"end":{"line":59,"column":54}},"loc":{"start":{"line":59,"column":59},"end":{"line":59,"column":75}},"line":59}},"branchMap":{"0":{"loc":{"start":{"line":15,"column":2},"end":{"line":23,"column":3}},"type":"if","locations":[{"start":{"line":15,"column":2},"end":{"line":23,"column":3}},{"start":{},"end":{}}],"line":15},"1":{"loc":{"start":{"line":25,"column":2},"end":{"line":33,"column":3}},"type":"if","locations":[{"start":{"line":25,"column":2},"end":{"line":33,"column":3}},{"start":{},"end":{}}],"line":25},"2":{"loc":{"start":{"line":38,"column":4},"end":{"line":42,"column":5}},"type":"if","locations":[{"start":{"line":38,"column":4},"end":{"line":42,"column":5}},{"start":{"line":40,"column":11},"end":{"line":42,"column":5}}],"line":38},"3":{"loc":{"start":{"line":38,"column":8},"end":{"line":38,"column":23}},"type":"binary-expr","locations":[{"start":{"line":38,"column":8},"end":{"line":38,"column":12}},{"start":{"line":38,"column":16},"end":{"line":38,"column":23}}],"line":38},"4":{"loc":{"start":{"line":47,"column":38},"end":{"line":47,"column":56}},"type":"binary-expr","locations":[{"start":{"line":47,"column":38},"end":{"line":47,"column":46}},{"start":{"line":47,"column":50},"end":{"line":47,"column":56}}],"line":47}},"s":{"0":0,"1":0,"2":0,"3":0,"4":0,"5":0,"6":0,"7":0,"8":0,"9":0,"10":0,"11":0,"12":0,"13":0,"14":0,"15":0,"16":0,"17":0,"18":0},"f":{"0":0,"1":0,"2":0,"3":0,"4":0,"5":0,"6":0},"b":{"0":[0,0],"1":[0,0],"2":[0,0],"3":[0,0],"4":[0,0]}}
,"C:\\Users\\anand\\PlanetLeagueApp\\app\\index.tsx": {"path":"C:\\Users\\anand\\PlanetLeagueApp\\app\\index.tsx","statementMap":{"0":{"start":{"line":7,"column":35},"end":{"line":7,"column":44}},"1":{"start":{"line":10,"column":2},"end":{"line":12,"column":3}},"2":{"start":{"line":11,"column":4},"end":{"line":11,"column":16}},"3":{"start":{"line":15,"column":2},"end":{"line":17,"column":40}}},"fnMap":{"0":{"name":"Index","decl":{"start":{"line":6,"column":24},"end":{"line":6,"column":29}},"loc":{"start":{"line":6,"column":32},"end":{"line":18,"column":1}},"line":6}},"branchMap":{"0":{"loc":{"start":{"line":10,"column":2},"end":{"line":12,"column":3}},"type":"if","locations":[{"start":{"line":10,"column":2},"end":{"line":12,"column":3}},{"start":{},"end":{}}],"line":10},"1":{"loc":{"start":{"line":15,"column":9},"end":{"line":17,"column":39}},"type":"cond-expr","locations":[{"start":{"line":16,"column":6},"end":{"line":16,"column":33}},{"start":{"line":17,"column":6},"end":{"line":17,"column":39}}],"line":15}},"s":{"0":0,"1":0,"2":0,"3":0},"f":{"0":0},"b":{"0":[0,0],"1":[0,0]}}
,"C:\\Users\\anand\\PlanetLeagueApp\\app\\(auth)\\_layout.tsx": {"path":"C:\\Users\\anand\\PlanetLeagueApp\\app\\(auth)\\_layout.tsx","statementMap":{"0":{"start":{"line":4,"column":2},"end":{"line":8,"column":4}}},"fnMap":{"0":{"name":"AuthLayout","decl":{"start":{"line":3,"column":24},"end":{"line":3,"column":34}},"loc":{"start":{"line":3,"column":37},"end":{"line":9,"column":1}},"line":3}},"branchMap":{},"s":{"0":0},"f":{"0":0},"b":{}}
,"C:\\Users\\anand\\PlanetLeagueApp\\app\\(auth)\\login.tsx": {"path":"C:\\Users\\anand\\PlanetLeagueApp\\app\\(auth)\\login.tsx","statementMap":{"0":{"start":{"line":14,"column":2},"end":{"line":14,"column":34}},"1":{"start":{"line":17,"column":15},"end":{"line":111,"column":2}}},"fnMap":{"0":{"name":"LoginScreen","decl":{"start":{"line":13,"column":24},"end":{"line":13,"column":35}},"loc":{"start":{"line":13,"column":38},"end":{"line":15,"column":1}},"line":13}},"branchMap":{},"s":{"0":0,"1":0},"f":{"0":0},"b":{}}
,"C:\\Users\\anand\\PlanetLeagueApp\\app\\(tabs)\\_layout.tsx": {"path":"C:\\Users\\anand\\PlanetLeagueApp\\app\\(tabs)\\_layout.tsx","statementMap":{"0":{"start":{"line":12,"column":22},"end":{"line":12,"column":38}},"1":{"start":{"line":14,"column":2},"end":{"line":58,"column":4}},"2":{"start":{"line":33,"column":37},"end":{"line":33,"column":93}},"3":{"start":{"line":40,"column":37},"end":{"line":40,"column":98}},"4":{"start":{"line":47,"column":37},"end":{"line":47,"column":102}},"5":{"start":{"line":54,"column":37},"end":{"line":54,"column":94}}},"fnMap":{"0":{"name":"TabLayout","decl":{"start":{"line":11,"column":24},"end":{"line":11,"column":33}},"loc":{"start":{"line":11,"column":36},"end":{"line":59,"column":1}},"line":11},"1":{"name":"(anonymous_1)","decl":{"start":{"line":33,"column":22},"end":{"line":33,"column":23}},"loc":{"start":{"line":33,"column":37},"end":{"line":33,"column":93}},"line":33},"2":{"name":"(anonymous_2)","decl":{"start":{"line":40,"column":22},"end":{"line":40,"column":23}},"loc":{"start":{"line":40,"column":37},"end":{"line":40,"column":98}},"line":40},"3":{"name":"(anonymous_3)","decl":{"start":{"line":47,"column":22},"end":{"line":47,"column":23}},"loc":{"start":{"line":47,"column":37},"end":{"line":47,"column":102}},"line":47},"4":{"name":"(anonymous_4)","decl":{"start":{"line":54,"column":22},"end":{"line":54,"column":23}},"loc":{"start":{"line":54,"column":37},"end":{"line":54,"column":94}},"line":54}},"branchMap":{"0":{"loc":{"start":{"line":17,"column":38},"end":{"line":17,"column":60}},"type":"binary-expr","locations":[{"start":{"line":17,"column":38},"end":{"line":17,"column":49}},{"start":{"line":17,"column":53},"end":{"line":17,"column":60}}],"line":17}},"s":{"0":0,"1":0,"2":0,"3":0,"4":0,"5":0},"f":{"0":0,"1":0,"2":0,"3":0,"4":0},"b":{"0":[0,0]}}
,"C:\\Users\\anand\\PlanetLeagueApp\\app\\(tabs)\\explore.tsx": {"path":"C:\\Users\\anand\\PlanetLeagueApp\\app\\(tabs)\\explore.tsx","statementMap":{"0":{"start":{"line":11,"column":2},"end":{"line":99,"column":4}},"1":{"start":{"line":102,"column":15},"end":{"line":113,"column":2}}},"fnMap":{"0":{"name":"TabTwoScreen","decl":{"start":{"line":10,"column":24},"end":{"line":10,"column":36}},"loc":{"start":{"line":10,"column":39},"end":{"line":100,"column":1}},"line":10}},"branchMap":{},"s":{"0":0,"1":0},"f":{"0":0},"b":{}}
,"C:\\Users\\anand\\PlanetLeagueApp\\app\\(tabs)\\gamehub.tsx": {"path":"C:\\Users\\anand\\PlanetLeagueApp\\app\\(tabs)\\gamehub.tsx","statementMap":{"0":{"start":{"line":17,"column":22},"end":{"line":40,"column":1}},"1":{"start":{"line":42,"column":19},"end":{"line":42,"column":20}},"2":{"start":{"line":43,"column":20},"end":{"line":43,"column":50}},"3":{"start":{"line":44,"column":18},"end":{"line":44,"column":47}},"4":{"start":{"line":46,"column":22},"end":{"line":81,"column":1}},"5":{"start":{"line":48,"column":25},"end":{"line":66,"column":3}},"6":{"start":{"line":50,"column":4},"end":{"line":65,"column":11}},"7":{"start":{"line":68,"column":2},"end":{"line":80,"column":4}},"8":{"start":{"line":74,"column":32},"end":{"line":74,"column":39}},"9":{"start":{"line":83,"column":15},"end":{"line":144,"column":2}}},"fnMap":{"0":{"name":"(anonymous_0)","decl":{"start":{"line":46,"column":22},"end":{"line":46,"column":23}},"loc":{"start":{"line":46,"column":28},"end":{"line":81,"column":1}},"line":46},"1":{"name":"(anonymous_1)","decl":{"start":{"line":48,"column":25},"end":{"line":48,"column":26}},"loc":{"start":{"line":50,"column":4},"end":{"line":65,"column":11}},"line":50},"2":{"name":"(anonymous_2)","decl":{"start":{"line":74,"column":22},"end":{"line":74,"column":23}},"loc":{"start":{"line":74,"column":32},"end":{"line":74,"column":39}},"line":74}},"branchMap":{},"s":{"0":0,"1":0,"2":0,"3":0,"4":0,"5":0,"6":0,"7":0,"8":0,"9":0},"f":{"0":0,"1":0,"2":0},"b":{}}
,"C:\\Users\\anand\\PlanetLeagueApp\\app\\(tabs)\\index.tsx": {"path":"C:\\Users\\anand\\PlanetLeagueApp\\app\\(tabs)\\index.tsx","statementMap":{"0":{"start":{"line":9,"column":2},"end":{"line":56,"column":4}},"1":{"start":{"line":59,"column":15},"end":{"line":76,"column":2}}},"fnMap":{"0":{"name":"HomeScreen","decl":{"start":{"line":8,"column":24},"end":{"line":8,"column":34}},"loc":{"start":{"line":8,"column":37},"end":{"line":57,"column":1}},"line":8}},"branchMap":{},"s":{"0":0,"1":0},"f":{"0":0},"b":{}}
,"C:\\Users\\anand\\PlanetLeagueApp\\app\\(tabs)\\profile.tsx": {"path":"C:\\Users\\anand\\PlanetLeagueApp\\app\\(tabs)\\profile.tsx","statementMap":{"0":{"start":{"line":7,"column":39},"end":{"line":7,"column":48}},"1":{"start":{"line":9,"column":24},"end":{"line":11,"column":3}},"2":{"start":{"line":10,"column":4},"end":{"line":10,"column":14}},"3":{"start":{"line":13,"column":2},"end":{"line":21,"column":3}},"4":{"start":{"line":14,"column":4},"end":{"line":20,"column":6}},"5":{"start":{"line":23,"column":2},"end":{"line":63,"column":4}},"6":{"start":{"line":66,"column":15},"end":{"line":144,"column":2}}},"fnMap":{"0":{"name":"ProfileScreen","decl":{"start":{"line":6,"column":24},"end":{"line":6,"column":37}},"loc":{"start":{"line":6,"column":40},"end":{"line":64,"column":1}},"line":6},"1":{"name":"(anonymous_1)","decl":{"start":{"line":9,"column":24},"end":{"line":9,"column":25}},"loc":{"start":{"line":9,"column":30},"end":{"line":11,"column":3}},"line":9}},"branchMap":{"0":{"loc":{"start":{"line":13,"column":2},"end":{"line":21,"column":3}},"type":"if","locations":[{"start":{"line":13,"column":2},"end":{"line":21,"column":3}},{"start":{},"end":{}}],"line":13},"1":{"loc":{"start":{"line":32,"column":11},"end":{"line":38,"column":11}},"type":"cond-expr","locations":[{"start":{"line":33,"column":12},"end":{"line":33,"column":72}},{"start":{"line":35,"column":12},"end":{"line":37,"column":19}}],"line":32},"2":{"loc":{"start":{"line":36,"column":50},"end":{"line":36,"column":77}},"type":"binary-expr","locations":[{"start":{"line":36,"column":50},"end":{"line":36,"column":70}},{"start":{"line":36,"column":74},"end":{"line":36,"column":77}}],"line":36},"3":{"loc":{"start":{"line":54,"column":13},"end":{"line":58,"column":13}},"type":"cond-expr","locations":[{"start":{"line":55,"column":14},"end":{"line":55,"column":61}},{"start":{"line":57,"column":14},"end":{"line":57,"column":68}}],"line":54}},"s":{"0":0,"1":0,"2":0,"3":0,"4":0,"5":0,"6":0},"f":{"0":0,"1":0},"b":{"0":[0,0],"1":[0,0],"2":[0,0],"3":[0,0]}}
,"C:\\Users\\anand\\PlanetLeagueApp\\app\\components\\GameDataDisplay.tsx": {"path":"C:\\Users\\anand\\PlanetLeagueApp\\app\\components\\GameDataDisplay.tsx","statementMap":{"0":{"start":{"line":12,"column":62},"end":{"line":12,"column":71}},"1":{"start":{"line":15,"column":2},"end":{"line":22,"column":3}},"2":{"start":{"line":16,"column":4},"end":{"line":21,"column":6}},"3":{"start":{"line":25,"column":2},"end":{"line":36,"column":3}},"4":{"start":{"line":26,"column":4},"end":{"line":35,"column":6}},"5":{"start":{"line":39,"column":2},"end":{"line":69,"column":3}},"6":{"start":{"line":40,"column":4},"end":{"line":68,"column":6}},"7":{"start":{"line":72,"column":2},"end":{"line":76,"column":4}},"8":{"start":{"line":79,"column":15},"end":{"line":123,"column":2}}},"fnMap":{"0":{"name":"GameDataDisplay","decl":{"start":{"line":11,"column":24},"end":{"line":11,"column":39}},"loc":{"start":{"line":11,"column":42},"end":{"line":77,"column":1}},"line":11}},"branchMap":{"0":{"loc":{"start":{"line":15,"column":2},"end":{"line":22,"column":3}},"type":"if","locations":[{"start":{"line":15,"column":2},"end":{"line":22,"column":3}},{"start":{},"end":{}}],"line":15},"1":{"loc":{"start":{"line":25,"column":2},"end":{"line":36,"column":3}},"type":"if","locations":[{"start":{"line":25,"column":2},"end":{"line":36,"column":3}},{"start":{},"end":{}}],"line":25},"2":{"loc":{"start":{"line":25,"column":6},"end":{"line":25,"column":23}},"type":"binary-expr","locations":[{"start":{"line":25,"column":6},"end":{"line":25,"column":15}},{"start":{"line":25,"column":19},"end":{"line":25,"column":23}}],"line":25},"3":{"loc":{"start":{"line":39,"column":2},"end":{"line":69,"column":3}},"type":"if","locations":[{"start":{"line":39,"column":2},"end":{"line":69,"column":3}},{"start":{},"end":{}}],"line":39}},"s":{"0":4,"1":4,"2":1,"3":3,"4":1,"5":2,"6":1,"7":1,"8":1},"f":{"0":4},"b":{"0":[1,3],"1":[1,2],"2":[3,2],"3":[1,1]},"_coverageSchema":"1a1c01bbd47fc00a2c39e90264f33305004495a9","hash":"f1544dd62e0a63de4c42cbe37247d5c2d27ad705"}
,"C:\\Users\\anand\\PlanetLeagueApp\\app\\context\\AuthContext.tsx": {"path":"C:\\Users\\anand\\PlanetLeagueApp\\app\\context\\AuthContext.tsx","statementMap":{"0":{"start":{"line":48,"column":20},"end":{"line":61,"column":2}},"1":{"start":{"line":64,"column":18},"end":{"line":64,"column":30}},"2":{"start":{"line":65,"column":17},"end":{"line":65,"column":28}},"3":{"start":{"line":66,"column":22},"end":{"line":66,"column":33}},"4":{"start":{"line":72,"column":69},"end":{"line":527,"column":1}},"5":{"start":{"line":73,"column":28},"end":{"line":80,"column":4}},"6":{"start":{"line":83,"column":17},"end":{"line":83,"column":57}},"7":{"start":{"line":86,"column":2},"end":{"line":131,"column":15}},"8":{"start":{"line":87,"column":27},"end":{"line":128,"column":5}},"9":{"start":{"line":88,"column":37},"end":{"line":88,"column":41}},"10":{"start":{"line":89,"column":30},"end":{"line":89,"column":34}},"11":{"start":{"line":90,"column":38},"end":{"line":90,"column":42}},"12":{"start":{"line":92,"column":6},"end":{"line":118,"column":7}},"13":{"start":{"line":94,"column":8},"end":{"line":94,"column":62}},"14":{"start":{"line":95,"column":25},"end":{"line":95,"column":65}},"15":{"start":{"line":96,"column":29},"end":{"line":96,"column":74}},"16":{"start":{"line":98,"column":8},"end":{"line":100,"column":9}},"17":{"start":{"line":99,"column":10},"end":{"line":99,"column":38}},"18":{"start":{"line":102,"column":8},"end":{"line":104,"column":9}},"19":{"start":{"line":103,"column":10},"end":{"line":103,"column":46}},"20":{"start":{"line":107,"column":8},"end":{"line":110,"column":9}},"21":{"start":{"line":113,"column":8},"end":{"line":113,"column":68}},"22":{"start":{"line":115,"column":8},"end":{"line":117,"column":9}},"23":{"start":{"line":116,"column":10},"end":{"line":116,"column":83}},"24":{"start":{"line":121,"column":6},"end":{"line":127,"column":10}},"25":{"start":{"line":121,"column":24},"end":{"line":127,"column":7}},"26":{"start":{"line":130,"column":4},"end":{"line":130,"column":21}},"27":{"start":{"line":134,"column":2},"end":{"line":143,"column":19}},"28":{"start":{"line":135,"column":36},"end":{"line":140,"column":5}},"29":{"start":{"line":137,"column":6},"end":{"line":139,"column":7}},"30":{"start":{"line":138,"column":8},"end":{"line":138,"column":41}},"31":{"start":{"line":142,"column":4},"end":{"line":142,"column":30}},"32":{"start":{"line":146,"column":22},"end":{"line":514,"column":3}},"33":{"start":{"line":148,"column":6},"end":{"line":217,"column":7}},"34":{"start":{"line":149,"column":8},"end":{"line":149,"column":57}},"35":{"start":{"line":149,"column":26},"end":{"line":149,"column":54}},"36":{"start":{"line":152,"column":24},"end":{"line":152,"column":87}},"37":{"start":{"line":153,"column":8},"end":{"line":161,"column":9}},"38":{"start":{"line":154,"column":11},"end":{"line":154,"column":60}},"39":{"start":{"line":156,"column":11},"end":{"line":158,"column":12}},"40":{"start":{"line":157,"column":15},"end":{"line":157,"column":96}},"41":{"start":{"line":159,"column":11},"end":{"line":159,"column":61}},"42":{"start":{"line":159,"column":29},"end":{"line":159,"column":58}},"43":{"start":{"line":160,"column":11},"end":{"line":160,"column":18}},"44":{"start":{"line":162,"column":23},"end":{"line":162,"column":51}},"45":{"start":{"line":164,"column":25},"end":{"line":171,"column":10}},"46":{"start":{"line":173,"column":8},"end":{"line":180,"column":9}},"47":{"start":{"line":174,"column":25},"end":{"line":174,"column":48}},"48":{"start":{"line":175,"column":10},"end":{"line":178,"column":55}},"49":{"start":{"line":176,"column":30},"end":{"line":176,"column":51}},"50":{"start":{"line":177,"column":12},"end":{"line":177,"column":85}},"51":{"start":{"line":179,"column":10},"end":{"line":179,"column":36}},"52":{"start":{"line":182,"column":21},"end":{"line":182,"column":42}},"53":{"start":{"line":184,"column":27},"end":{"line":189,"column":9}},"54":{"start":{"line":192,"column":26},"end":{"line":192,"column":33}},"55":{"start":{"line":193,"column":8},"end":{"line":193,"column":61}},"56":{"start":{"line":194,"column":8},"end":{"line":194,"column":71}},"57":{"start":{"line":196,"column":8},"end":{"line":203,"column":11}},"58":{"start":{"line":206,"column":8},"end":{"line":206,"column":41}},"59":{"start":{"line":208,"column":8},"end":{"line":208,"column":47}},"60":{"start":{"line":210,"column":8},"end":{"line":215,"column":9}},"61":{"start":{"line":211,"column":10},"end":{"line":214,"column":12}},"62":{"start":{"line":216,"column":8},"end":{"line":216,"column":58}},"63":{"start":{"line":216,"column":26},"end":{"line":216,"column":55}},"64":{"start":{"line":221,"column":6},"end":{"line":255,"column":7}},"65":{"start":{"line":223,"column":8},"end":{"line":223,"column":74}},"66":{"start":{"line":223,"column":26},"end":{"line":223,"column":71}},"67":{"start":{"line":226,"column":8},"end":{"line":226,"column":53}},"68":{"start":{"line":227,"column":8},"end":{"line":227,"column":52}},"69":{"start":{"line":228,"column":8},"end":{"line":228,"column":57}},"70":{"start":{"line":231,"column":8},"end":{"line":238,"column":11}},"71":{"start":{"line":240,"column":8},"end":{"line":240,"column":48}},"72":{"start":{"line":242,"column":8},"end":{"line":244,"column":9}},"73":{"start":{"line":243,"column":11},"end":{"line":243,"column":73}},"74":{"start":{"line":246,"column":8},"end":{"line":254,"column":12}},"75":{"start":{"line":246,"column":26},"end":{"line":254,"column":9}},"76":{"start":{"line":259,"column":6},"end":{"line":276,"column":7}},"77":{"start":{"line":260,"column":26},"end":{"line":260,"column":67}},"78":{"start":{"line":261,"column":8},"end":{"line":263,"column":9}},"79":{"start":{"line":262,"column":10},"end":{"line":262,"column":59}},"80":{"start":{"line":267,"column":25},"end":{"line":267,"column":65}},"81":{"start":{"line":268,"column":8},"end":{"line":271,"column":9}},"82":{"start":{"line":269,"column":23},"end":{"line":269,"column":43}},"83":{"start":{"line":270,"column":10},"end":{"line":270,"column":48}},"84":{"start":{"line":270,"column":28},"end":{"line":270,"column":45}},"85":{"start":{"line":273,"column":8},"end":{"line":273,"column":61}},"86":{"start":{"line":280,"column":6},"end":{"line":280,"column":71}},"87":{"start":{"line":281,"column":6},"end":{"line":281,"column":55}},"88":{"start":{"line":281,"column":24},"end":{"line":281,"column":52}},"89":{"start":{"line":283,"column":6},"end":{"line":355,"column":7}},"90":{"start":{"line":285,"column":24},"end":{"line":285,"column":87}},"91":{"start":{"line":286,"column":8},"end":{"line":293,"column":9}},"92":{"start":{"line":287,"column":10},"end":{"line":287,"column":76}},"93":{"start":{"line":288,"column":10},"end":{"line":290,"column":11}},"94":{"start":{"line":289,"column":12},"end":{"line":289,"column":93}},"95":{"start":{"line":291,"column":10},"end":{"line":291,"column":60}},"96":{"start":{"line":291,"column":28},"end":{"line":291,"column":57}},"97":{"start":{"line":292,"column":10},"end":{"line":292,"column":17}},"98":{"start":{"line":295,"column":23},"end":{"line":295,"column":51}},"99":{"start":{"line":296,"column":8},"end":{"line":296,"column":74}},"100":{"start":{"line":298,"column":25},"end":{"line":305,"column":10}},"101":{"start":{"line":307,"column":8},"end":{"line":314,"column":9}},"102":{"start":{"line":308,"column":25},"end":{"line":308,"column":40}},"103":{"start":{"line":309,"column":10},"end":{"line":312,"column":55}},"104":{"start":{"line":310,"column":30},"end":{"line":310,"column":51}},"105":{"start":{"line":311,"column":12},"end":{"line":311,"column":85}},"106":{"start":{"line":313,"column":10},"end":{"line":313,"column":36}},"107":{"start":{"line":316,"column":21},"end":{"line":316,"column":42}},"108":{"start":{"line":319,"column":8},"end":{"line":322,"column":9}},"109":{"start":{"line":320,"column":10},"end":{"line":320,"column":89}},"110":{"start":{"line":321,"column":10},"end":{"line":321,"column":79}},"111":{"start":{"line":325,"column":27},"end":{"line":330,"column":9}},"112":{"start":{"line":333,"column":8},"end":{"line":333,"column":62}},"113":{"start":{"line":334,"column":8},"end":{"line":334,"column":71}},"114":{"start":{"line":336,"column":8},"end":{"line":336,"column":74}},"115":{"start":{"line":338,"column":8},"end":{"line":345,"column":11}},"116":{"start":{"line":347,"column":8},"end":{"line":347,"column":52}},"117":{"start":{"line":348,"column":8},"end":{"line":353,"column":9}},"118":{"start":{"line":349,"column":10},"end":{"line":352,"column":12}},"119":{"start":{"line":354,"column":8},"end":{"line":354,"column":58}},"120":{"start":{"line":354,"column":26},"end":{"line":354,"column":55}},"121":{"start":{"line":360,"column":6},"end":{"line":360,"column":83}},"122":{"start":{"line":361,"column":6},"end":{"line":361,"column":55}},"123":{"start":{"line":361,"column":24},"end":{"line":361,"column":52}},"124":{"start":{"line":363,"column":30},"end":{"line":363,"column":55}},"125":{"start":{"line":365,"column":6},"end":{"line":442,"column":7}},"126":{"start":{"line":367,"column":23},"end":{"line":367,"column":63}},"127":{"start":{"line":368,"column":24},"end":{"line":368,"column":87}},"128":{"start":{"line":369,"column":8},"end":{"line":375,"column":9}},"129":{"start":{"line":370,"column":10},"end":{"line":370,"column":75}},"130":{"start":{"line":371,"column":10},"end":{"line":373,"column":11}},"131":{"start":{"line":372,"column":12},"end":{"line":372,"column":107}},"132":{"start":{"line":374,"column":10},"end":{"line":374,"column":57}},"133":{"start":{"line":377,"column":23},"end":{"line":377,"column":51}},"134":{"start":{"line":379,"column":8},"end":{"line":379,"column":76}},"135":{"start":{"line":381,"column":25},"end":{"line":389,"column":10}},"136":{"start":{"line":391,"column":8},"end":{"line":398,"column":9}},"137":{"start":{"line":392,"column":25},"end":{"line":392,"column":54}},"138":{"start":{"line":393,"column":10},"end":{"line":396,"column":55}},"139":{"start":{"line":394,"column":30},"end":{"line":394,"column":51}},"140":{"start":{"line":395,"column":12},"end":{"line":395,"column":85}},"141":{"start":{"line":397,"column":10},"end":{"line":397,"column":36}},"142":{"start":{"line":400,"column":21},"end":{"line":400,"column":42}},"143":{"start":{"line":403,"column":8},"end":{"line":406,"column":9}},"144":{"start":{"line":404,"column":12},"end":{"line":404,"column":106}},"145":{"start":{"line":405,"column":12},"end":{"line":405,"column":87}},"146":{"start":{"line":409,"column":27},"end":{"line":414,"column":9}},"147":{"start":{"line":417,"column":27},"end":{"line":417,"column":52}},"148":{"start":{"line":418,"column":8},"end":{"line":418,"column":62}},"149":{"start":{"line":419,"column":8},"end":{"line":419,"column":71}},"150":{"start":{"line":421,"column":8},"end":{"line":421,"column":83}},"151":{"start":{"line":423,"column":8},"end":{"line":430,"column":11}},"152":{"start":{"line":433,"column":8},"end":{"line":433,"column":53}},"153":{"start":{"line":434,"column":8},"end":{"line":439,"column":9}},"154":{"start":{"line":435,"column":10},"end":{"line":438,"column":12}},"155":{"start":{"line":441,"column":8},"end":{"line":441,"column":129}},"156":{"start":{"line":441,"column":26},"end":{"line":441,"column":126}},"157":{"start":{"line":447,"column":6},"end":{"line":450,"column":7}},"158":{"start":{"line":448,"column":8},"end":{"line":448,"column":83}},"159":{"start":{"line":449,"column":8},"end":{"line":449,"column":15}},"160":{"start":{"line":452,"column":6},"end":{"line":452,"column":63}},"161":{"start":{"line":452,"column":24},"end":{"line":452,"column":60}},"162":{"start":{"line":454,"column":6},"end":{"line":512,"column":7}},"163":{"start":{"line":455,"column":24},"end":{"line":455,"column":87}},"164":{"start":{"line":456,"column":8},"end":{"line":460,"column":9}},"165":{"start":{"line":457,"column":10},"end":{"line":457,"column":81}},"166":{"start":{"line":458,"column":10},"end":{"line":458,"column":68}},"167":{"start":{"line":458,"column":28},"end":{"line":458,"column":65}},"168":{"start":{"line":459,"column":10},"end":{"line":459,"column":17}},"169":{"start":{"line":462,"column":23},"end":{"line":462,"column":72}},"170":{"start":{"line":463,"column":8},"end":{"line":463,"column":71}},"171":{"start":{"line":465,"column":25},"end":{"line":471,"column":10}},"172":{"start":{"line":473,"column":8},"end":{"line":480,"column":9}},"173":{"start":{"line":474,"column":25},"end":{"line":474,"column":51}},"174":{"start":{"line":475,"column":10},"end":{"line":478,"column":55}},"175":{"start":{"line":476,"column":30},"end":{"line":476,"column":51}},"176":{"start":{"line":477,"column":12},"end":{"line":477,"column":85}},"177":{"start":{"line":479,"column":10},"end":{"line":479,"column":36}},"178":{"start":{"line":482,"column":29},"end":{"line":482,"column":50}},"179":{"start":{"line":484,"column":8},"end":{"line":487,"column":9}},"180":{"start":{"line":485,"column":10},"end":{"line":485,"column":83}},"181":{"start":{"line":486,"column":10},"end":{"line":486,"column":66}},"182":{"start":{"line":489,"column":35},"end":{"line":489,"column":52}},"183":{"start":{"line":492,"column":8},"end":{"line":492,"column":80}},"184":{"start":{"line":495,"column":8},"end":{"line":499,"column":12}},"185":{"start":{"line":495,"column":26},"end":{"line":499,"column":9}},"186":{"start":{"line":501,"column":8},"end":{"line":501,"column":78}},"187":{"start":{"line":503,"column":8},"end":{"line":503,"column":71}},"188":{"start":{"line":504,"column":8},"end":{"line":504,"column":66}},"189":{"start":{"line":504,"column":26},"end":{"line":504,"column":63}},"190":{"start":{"line":506,"column":8},"end":{"line":511,"column":9}},"191":{"start":{"line":507,"column":10},"end":{"line":510,"column":12}},"192":{"start":{"line":517,"column":23},"end":{"line":520,"column":3}},"193":{"start":{"line":522,"column":2},"end":{"line":526,"column":4}},"194":{"start":{"line":530,"column":23},"end":{"line":530,"column":52}},"195":{"start":{"line":530,"column":29},"end":{"line":530,"column":52}}},"fnMap":{"0":{"name":"(anonymous_0)","decl":{"start":{"line":55,"column":10},"end":{"line":55,"column":11}},"loc":{"start":{"line":55,"column":22},"end":{"line":55,"column":24}},"line":55},"1":{"name":"(anonymous_1)","decl":{"start":{"line":56,"column":11},"end":{"line":56,"column":12}},"loc":{"start":{"line":56,"column":23},"end":{"line":56,"column":25}},"line":56},"2":{"name":"(anonymous_2)","decl":{"start":{"line":57,"column":15},"end":{"line":57,"column":16}},"loc":{"start":{"line":57,"column":27},"end":{"line":57,"column":29}},"line":57},"3":{"name":"(anonymous_3)","decl":{"start":{"line":58,"column":16},"end":{"line":58,"column":17}},"loc":{"start":{"line":58,"column":28},"end":{"line":58,"column":30}},"line":58},"4":{"name":"(anonymous_4)","decl":{"start":{"line":59,"column":19},"end":{"line":59,"column":20}},"loc":{"start":{"line":59,"column":31},"end":{"line":59,"column":33}},"line":59},"5":{"name":"(anonymous_5)","decl":{"start":{"line":60,"column":16},"end":{"line":60,"column":17}},"loc":{"start":{"line":60,"column":28},"end":{"line":60,"column":30}},"line":60},"6":{"name":"(anonymous_6)","decl":{"start":{"line":72,"column":69},"end":{"line":72,"column":70}},"loc":{"start":{"line":72,"column":87},"end":{"line":527,"column":1}},"line":72},"7":{"name":"(anonymous_7)","decl":{"start":{"line":86,"column":12},"end":{"line":86,"column":13}},"loc":{"start":{"line":86,"column":18},"end":{"line":131,"column":3}},"line":86},"8":{"name":"(anonymous_8)","decl":{"start":{"line":87,"column":27},"end":{"line":87,"column":28}},"loc":{"start":{"line":87,"column":39},"end":{"line":128,"column":5}},"line":87},"9":{"name":"(anonymous_9)","decl":{"start":{"line":121,"column":15},"end":{"line":121,"column":16}},"loc":{"start":{"line":121,"column":24},"end":{"line":127,"column":7}},"line":121},"10":{"name":"(anonymous_10)","decl":{"start":{"line":134,"column":12},"end":{"line":134,"column":13}},"loc":{"start":{"line":134,"column":18},"end":{"line":143,"column":3}},"line":134},"11":{"name":"(anonymous_11)","decl":{"start":{"line":135,"column":36},"end":{"line":135,"column":37}},"loc":{"start":{"line":135,"column":48},"end":{"line":140,"column":5}},"line":135},"12":{"name":"(anonymous_12)","decl":{"start":{"line":147,"column":12},"end":{"line":147,"column":13}},"loc":{"start":{"line":147,"column":39},"end":{"line":218,"column":5}},"line":147},"13":{"name":"(anonymous_13)","decl":{"start":{"line":149,"column":17},"end":{"line":149,"column":18}},"loc":{"start":{"line":149,"column":26},"end":{"line":149,"column":54}},"line":149},"14":{"name":"(anonymous_14)","decl":{"start":{"line":159,"column":20},"end":{"line":159,"column":21}},"loc":{"start":{"line":159,"column":29},"end":{"line":159,"column":58}},"line":159},"15":{"name":"(anonymous_15)","decl":{"start":{"line":216,"column":17},"end":{"line":216,"column":18}},"loc":{"start":{"line":216,"column":26},"end":{"line":216,"column":55}},"line":216},"16":{"name":"(anonymous_16)","decl":{"start":{"line":220,"column":13},"end":{"line":220,"column":14}},"loc":{"start":{"line":220,"column":25},"end":{"line":256,"column":5}},"line":220},"17":{"name":"(anonymous_17)","decl":{"start":{"line":223,"column":17},"end":{"line":223,"column":18}},"loc":{"start":{"line":223,"column":26},"end":{"line":223,"column":71}},"line":223},"18":{"name":"(anonymous_18)","decl":{"start":{"line":246,"column":17},"end":{"line":246,"column":18}},"loc":{"start":{"line":246,"column":26},"end":{"line":254,"column":9}},"line":246},"19":{"name":"(anonymous_19)","decl":{"start":{"line":258,"column":17},"end":{"line":258,"column":18}},"loc":{"start":{"line":258,"column":29},"end":{"line":277,"column":5}},"line":258},"20":{"name":"(anonymous_20)","decl":{"start":{"line":270,"column":19},"end":{"line":270,"column":20}},"loc":{"start":{"line":270,"column":28},"end":{"line":270,"column":45}},"line":270},"21":{"name":"(anonymous_21)","decl":{"start":{"line":279,"column":21},"end":{"line":279,"column":22}},"loc":{"start":{"line":279,"column":64},"end":{"line":356,"column":5}},"line":279},"22":{"name":"(anonymous_22)","decl":{"start":{"line":281,"column":15},"end":{"line":281,"column":16}},"loc":{"start":{"line":281,"column":24},"end":{"line":281,"column":52}},"line":281},"23":{"name":"(anonymous_23)","decl":{"start":{"line":291,"column":19},"end":{"line":291,"column":20}},"loc":{"start":{"line":291,"column":28},"end":{"line":291,"column":57}},"line":291},"24":{"name":"(anonymous_24)","decl":{"start":{"line":354,"column":17},"end":{"line":354,"column":18}},"loc":{"start":{"line":354,"column":26},"end":{"line":354,"column":55}},"line":354},"25":{"name":"(anonymous_25)","decl":{"start":{"line":359,"column":18},"end":{"line":359,"column":19}},"loc":{"start":{"line":359,"column":30},"end":{"line":443,"column":5}},"line":359},"26":{"name":"(anonymous_26)","decl":{"start":{"line":361,"column":15},"end":{"line":361,"column":16}},"loc":{"start":{"line":361,"column":24},"end":{"line":361,"column":52}},"line":361},"27":{"name":"(anonymous_27)","decl":{"start":{"line":441,"column":17},"end":{"line":441,"column":18}},"loc":{"start":{"line":441,"column":26},"end":{"line":441,"column":126}},"line":441},"28":{"name":"(anonymous_28)","decl":{"start":{"line":446,"column":18},"end":{"line":446,"column":19}},"loc":{"start":{"line":446,"column":30},"end":{"line":513,"column":5}},"line":446},"29":{"name":"(anonymous_29)","decl":{"start":{"line":452,"column":15},"end":{"line":452,"column":16}},"loc":{"start":{"line":452,"column":24},"end":{"line":452,"column":60}},"line":452},"30":{"name":"(anonymous_30)","decl":{"start":{"line":458,"column":19},"end":{"line":458,"column":20}},"loc":{"start":{"line":458,"column":28},"end":{"line":458,"column":65}},"line":458},"31":{"name":"(anonymous_31)","decl":{"start":{"line":495,"column":17},"end":{"line":495,"column":18}},"loc":{"start":{"line":495,"column":26},"end":{"line":499,"column":9}},"line":495},"32":{"name":"(anonymous_32)","decl":{"start":{"line":504,"column":17},"end":{"line":504,"column":18}},"loc":{"start":{"line":504,"column":26},"end":{"line":504,"column":63}},"line":504},"33":{"name":"(anonymous_33)","decl":{"start":{"line":530,"column":23},"end":{"line":530,"column":24}},"loc":{"start":{"line":530,"column":29},"end":{"line":530,"column":52}},"line":530}},"branchMap":{"0":{"loc":{"start":{"line":98,"column":8},"end":{"line":100,"column":9}},"type":"if","locations":[{"start":{"line":98,"column":8},"end":{"line":100,"column":9}},{"start":{},"end":{}}],"line":98},"1":{"loc":{"start":{"line":102,"column":8},"end":{"line":104,"column":9}},"type":"if","locations":[{"start":{"line":102,"column":8},"end":{"line":104,"column":9}},{"start":{},"end":{}}],"line":102},"2":{"loc":{"start":{"line":107,"column":8},"end":{"line":110,"column":9}},"type":"if","locations":[{"start":{"line":107,"column":8},"end":{"line":110,"column":9}},{"start":{},"end":{}}],"line":107},"3":{"loc":{"start":{"line":115,"column":8},"end":{"line":117,"column":9}},"type":"if","locations":[{"start":{"line":115,"column":8},"end":{"line":117,"column":9}},{"start":{},"end":{}}],"line":115},"4":{"loc":{"start":{"line":137,"column":6},"end":{"line":139,"column":7}},"type":"if","locations":[{"start":{"line":137,"column":6},"end":{"line":139,"column":7}},{"start":{},"end":{}}],"line":137},"5":{"loc":{"start":{"line":137,"column":10},"end":{"line":137,"column":67}},"type":"binary-expr","locations":[{"start":{"line":137,"column":10},"end":{"line":137,"column":20}},{"start":{"line":137,"column":24},"end":{"line":137,"column":39}},{"start":{"line":137,"column":43},"end":{"line":137,"column":67}}],"line":137},"6":{"loc":{"start":{"line":152,"column":24},"end":{"line":152,"column":87}},"type":"cond-expr","locations":[{"start":{"line":152,"column":33},"end":{"line":152,"column":49}},{"start":{"line":152,"column":52},"end":{"line":152,"column":87}}],"line":152},"7":{"loc":{"start":{"line":153,"column":8},"end":{"line":161,"column":9}},"type":"if","locations":[{"start":{"line":153,"column":8},"end":{"line":161,"column":9}},{"start":{},"end":{}}],"line":153},"8":{"loc":{"start":{"line":156,"column":11},"end":{"line":158,"column":12}},"type":"if","locations":[{"start":{"line":156,"column":11},"end":{"line":158,"column":12}},{"start":{},"end":{}}],"line":156},"9":{"loc":{"start":{"line":173,"column":8},"end":{"line":180,"column":9}},"type":"if","locations":[{"start":{"line":173,"column":8},"end":{"line":180,"column":9}},{"start":{},"end":{}}],"line":173},"10":{"loc":{"start":{"line":177,"column":23},"end":{"line":177,"column":84}},"type":"binary-expr","locations":[{"start":{"line":177,"column":23},"end":{"line":177,"column":40}},{"start":{"line":177,"column":44},"end":{"line":177,"column":84}}],"line":177},"11":{"loc":{"start":{"line":210,"column":8},"end":{"line":215,"column":9}},"type":"if","locations":[{"start":{"line":210,"column":8},"end":{"line":215,"column":9}},{"start":{},"end":{}}],"line":210},"12":{"loc":{"start":{"line":213,"column":12},"end":{"line":213,"column":73}},"type":"binary-expr","locations":[{"start":{"line":213,"column":12},"end":{"line":213,"column":25}},{"start":{"line":213,"column":29},"end":{"line":213,"column":73}}],"line":213},"13":{"loc":{"start":{"line":242,"column":8},"end":{"line":244,"column":9}},"type":"if","locations":[{"start":{"line":242,"column":8},"end":{"line":244,"column":9}},{"start":{},"end":{}}],"line":242},"14":{"loc":{"start":{"line":261,"column":8},"end":{"line":263,"column":9}},"type":"if","locations":[{"start":{"line":261,"column":8},"end":{"line":263,"column":9}},{"start":{},"end":{}}],"line":261},"15":{"loc":{"start":{"line":268,"column":8},"end":{"line":271,"column":9}},"type":"if","locations":[{"start":{"line":268,"column":8},"end":{"line":271,"column":9}},{"start":{},"end":{}}],"line":268},"16":{"loc":{"start":{"line":285,"column":24},"end":{"line":285,"column":87}},"type":"cond-expr","locations":[{"start":{"line":285,"column":33},"end":{"line":285,"column":49}},{"start":{"line":285,"column":52},"end":{"line":285,"column":87}}],"line":285},"17":{"loc":{"start":{"line":286,"column":8},"end":{"line":293,"column":9}},"type":"if","locations":[{"start":{"line":286,"column":8},"end":{"line":293,"column":9}},{"start":{},"end":{}}],"line":286},"18":{"loc":{"start":{"line":288,"column":10},"end":{"line":290,"column":11}},"type":"if","locations":[{"start":{"line":288,"column":10},"end":{"line":290,"column":11}},{"start":{},"end":{}}],"line":288},"19":{"loc":{"start":{"line":307,"column":8},"end":{"line":314,"column":9}},"type":"if","locations":[{"start":{"line":307,"column":8},"end":{"line":314,"column":9}},{"start":{},"end":{}}],"line":307},"20":{"loc":{"start":{"line":311,"column":23},"end":{"line":311,"column":84}},"type":"binary-expr","locations":[{"start":{"line":311,"column":23},"end":{"line":311,"column":40}},{"start":{"line":311,"column":44},"end":{"line":311,"column":84}}],"line":311},"21":{"loc":{"start":{"line":319,"column":8},"end":{"line":322,"column":9}},"type":"if","locations":[{"start":{"line":319,"column":8},"end":{"line":322,"column":9}},{"start":{},"end":{}}],"line":319},"22":{"loc":{"start":{"line":319,"column":12},"end":{"line":319,"column":67}},"type":"binary-expr","locations":[{"start":{"line":319,"column":12},"end":{"line":319,"column":17}},{"start":{"line":319,"column":21},"end":{"line":319,"column":32}},{"start":{"line":319,"column":36},"end":{"line":319,"column":46}},{"start":{"line":319,"column":50},"end":{"line":319,"column":67}}],"line":319},"23":{"loc":{"start":{"line":348,"column":8},"end":{"line":353,"column":9}},"type":"if","locations":[{"start":{"line":348,"column":8},"end":{"line":353,"column":9}},{"start":{},"end":{}}],"line":348},"24":{"loc":{"start":{"line":351,"column":12},"end":{"line":351,"column":73}},"type":"binary-expr","locations":[{"start":{"line":351,"column":12},"end":{"line":351,"column":25}},{"start":{"line":351,"column":29},"end":{"line":351,"column":73}}],"line":351},"25":{"loc":{"start":{"line":368,"column":24},"end":{"line":368,"column":87}},"type":"cond-expr","locations":[{"start":{"line":368,"column":33},"end":{"line":368,"column":49}},{"start":{"line":368,"column":52},"end":{"line":368,"column":87}}],"line":368},"26":{"loc":{"start":{"line":369,"column":8},"end":{"line":375,"column":9}},"type":"if","locations":[{"start":{"line":369,"column":8},"end":{"line":375,"column":9}},{"start":{},"end":{}}],"line":369},"27":{"loc":{"start":{"line":371,"column":10},"end":{"line":373,"column":11}},"type":"if","locations":[{"start":{"line":371,"column":10},"end":{"line":373,"column":11}},{"start":{},"end":{}}],"line":371},"28":{"loc":{"start":{"line":391,"column":8},"end":{"line":398,"column":9}},"type":"if","locations":[{"start":{"line":391,"column":8},"end":{"line":398,"column":9}},{"start":{},"end":{}}],"line":391},"29":{"loc":{"start":{"line":395,"column":23},"end":{"line":395,"column":84}},"type":"binary-expr","locations":[{"start":{"line":395,"column":23},"end":{"line":395,"column":40}},{"start":{"line":395,"column":44},"end":{"line":395,"column":84}}],"line":395},"30":{"loc":{"start":{"line":403,"column":8},"end":{"line":406,"column":9}},"type":"if","locations":[{"start":{"line":403,"column":8},"end":{"line":406,"column":9}},{"start":{},"end":{}}],"line":403},"31":{"loc":{"start":{"line":403,"column":12},"end":{"line":403,"column":48}},"type":"binary-expr","locations":[{"start":{"line":403,"column":12},"end":{"line":403,"column":17}},{"start":{"line":403,"column":21},"end":{"line":403,"column":31}},{"start":{"line":403,"column":35},"end":{"line":403,"column":48}}],"line":403},"32":{"loc":{"start":{"line":434,"column":8},"end":{"line":439,"column":9}},"type":"if","locations":[{"start":{"line":434,"column":8},"end":{"line":439,"column":9}},{"start":{},"end":{}}],"line":434},"33":{"loc":{"start":{"line":437,"column":12},"end":{"line":437,"column":82}},"type":"binary-expr","locations":[{"start":{"line":437,"column":12},"end":{"line":437,"column":25}},{"start":{"line":437,"column":29},"end":{"line":437,"column":82}}],"line":437},"34":{"loc":{"start":{"line":447,"column":6},"end":{"line":450,"column":7}},"type":"if","locations":[{"start":{"line":447,"column":6},"end":{"line":450,"column":7}},{"start":{},"end":{}}],"line":447},"35":{"loc":{"start":{"line":455,"column":24},"end":{"line":455,"column":87}},"type":"cond-expr","locations":[{"start":{"line":455,"column":33},"end":{"line":455,"column":49}},{"start":{"line":455,"column":52},"end":{"line":455,"column":87}}],"line":455},"36":{"loc":{"start":{"line":456,"column":8},"end":{"line":460,"column":9}},"type":"if","locations":[{"start":{"line":456,"column":8},"end":{"line":460,"column":9}},{"start":{},"end":{}}],"line":456},"37":{"loc":{"start":{"line":473,"column":8},"end":{"line":480,"column":9}},"type":"if","locations":[{"start":{"line":473,"column":8},"end":{"line":480,"column":9}},{"start":{},"end":{}}],"line":473},"38":{"loc":{"start":{"line":477,"column":23},"end":{"line":477,"column":84}},"type":"binary-expr","locations":[{"start":{"line":477,"column":23},"end":{"line":477,"column":40}},{"start":{"line":477,"column":44},"end":{"line":477,"column":84}}],"line":477},"39":{"loc":{"start":{"line":484,"column":8},"end":{"line":487,"column":9}},"type":"if","locations":[{"start":{"line":484,"column":8},"end":{"line":487,"column":9}},{"start":{},"end":{}}],"line":484},"40":{"loc":{"start":{"line":484,"column":12},"end":{"line":484,"column":91}},"type":"binary-expr","locations":[{"start":{"line":484,"column":12},"end":{"line":484,"column":32}},{"start":{"line":484,"column":36},"end":{"line":484,"column":69}},{"start":{"line":484,"column":73},"end":{"line":484,"column":91}}],"line":484},"41":{"loc":{"start":{"line":506,"column":8},"end":{"line":511,"column":9}},"type":"if","locations":[{"start":{"line":506,"column":8},"end":{"line":511,"column":9}},{"start":{},"end":{}}],"line":506}},"s":{"0":2,"1":2,"2":2,"3":2,"4":2,"5":0,"6":0,"7":0,"8":0,"9":0,"10":0,"11":0,"12":0,"13":0,"14":0,"15":0,"16":0,"17":0,"18":0,"19":0,"20":0,"21":0,"22":0,"23":0,"24":0,"25":0,"26":0,"27":0,"28":0,"29":0,"30":0,"31":0,"32":0,"33":0,"34":0,"35":0,"36":0,"37":0,"38":0,"39":0,"40":0,"41":0,"42":0,"43":0,"44":0,"45":0,"46":0,"47":0,"48":0,"49":0,"50":0,"51":0,"52":0,"53":0,"54":0,"55":0,"56":0,"57":0,"58":0,"59":0,"60":0,"61":0,"62":0,"63":0,"64":0,"65":0,"66":0,"67":0,"68":0,"69":0,"70":0,"71":0,"72":0,"73":0,"74":0,"75":0,"76":0,"77":0,"78":0,"79":0,"80":0,"81":0,"82":0,"83":0,"84":0,"85":0,"86":0,"87":0,"88":0,"89":0,"90":0,"91":0,"92":0,"93":0,"94":0,"95":0,"96":0,"97":0,"98":0,"99":0,"100":0,"101":0,"102":0,"103":0,"104":0,"105":0,"106":0,"107":0,"108":0,"109":0,"110":0,"111":0,"112":0,"113":0,"114":0,"115":0,"116":0,"117":0,"118":0,"119":0,"120":0,"121":0,"122":0,"123":0,"124":0,"125":0,"126":0,"127":0,"128":0,"129":0,"130":0,"131":0,"132":0,"133":0,"134":0,"135":0,"136":0,"137":0,"138":0,"139":0,"140":0,"141":0,"142":0,"143":0,"144":0,"145":0,"146":0,"147":0,"148":0,"149":0,"150":0,"151":0,"152":0,"153":0,"154":0,"155":0,"156":0,"157":0,"158":0,"159":0,"160":0,"161":0,"162":0,"163":0,"164":0,"165":0,"166":0,"167":0,"168":0,"169":0,"170":0,"171":0,"172":0,"173":0,"174":0,"175":0,"176":0,"177":0,"178":0,"179":0,"180":0,"181":0,"182":0,"183":0,"184":0,"185":0,"186":0,"187":0,"188":0,"189":0,"190":0,"191":0,"192":0,"193":0,"194":2,"195":0},"f":{"0":0,"1":0,"2":0,"3":0,"4":0,"5":0,"6":0,"7":0,"8":0,"9":0,"10":0,"11":0,"12":0,"13":0,"14":0,"15":0,"16":0,"17":0,"18":0,"19":0,"20":0,"21":0,"22":0,"23":0,"24":0,"25":0,"26":0,"27":0,"28":0,"29":0,"30":0,"31":0,"32":0,"33":0},"b":{"0":[0,0],"1":[0,0],"2":[0,0],"3":[0,0],"4":[0,0],"5":[0,0,0],"6":[0,0],"7":[0,0],"8":[0,0],"9":[0,0],"10":[0,0],"11":[0,0],"12":[0,0],"13":[0,0],"14":[0,0],"15":[0,0],"16":[0,0],"17":[0,0],"18":[0,0],"19":[0,0],"20":[0,0],"21":[0,0],"22":[0,0,0,0],"23":[0,0],"24":[0,0],"25":[0,0],"26":[0,0],"27":[0,0],"28":[0,0],"29":[0,0],"30":[0,0],"31":[0,0,0],"32":[0,0],"33":[0,0],"34":[0,0],"35":[0,0],"36":[0,0],"37":[0,0],"38":[0,0],"39":[0,0],"40":[0,0,0],"41":[0,0]},"_coverageSchema":"1a1c01bbd47fc00a2c39e90264f33305004495a9","hash":"4dc5154aab8a4b8d71450dcd0240299d97df8ad3"}
,"C:\\Users\\anand\\PlanetLeagueApp\\app\\screens\\LoginScreen.tsx": {"path":"C:\\Users\\anand\\PlanetLeagueApp\\app\\screens\\LoginScreen.tsx","statementMap":{"0":{"start":{"line":7,"column":17},"end":{"line":7,"column":50}},"1":{"start":{"line":10,"column":0},"end":{"line":18,"column":1}},"2":{"start":{"line":11,"column":2},"end":{"line":17,"column":3}},"3":{"start":{"line":12,"column":31},"end":{"line":12,"column":83}},"4":{"start":{"line":13,"column":4},"end":{"line":13,"column":51}},"5":{"start":{"line":14,"column":4},"end":{"line":14,"column":49}},"6":{"start":{"line":16,"column":4},"end":{"line":16,"column":113}},"7":{"start":{"line":30,"column":15},"end":{"line":30,"column":55}},"8":{"start":{"line":34,"column":91},"end":{"line":34,"column":100}},"9":{"start":{"line":35,"column":48},"end":{"line":35,"column":63}},"10":{"start":{"line":38,"column":28},"end":{"line":38,"column":40}},"11":{"start":{"line":39,"column":34},"end":{"line":39,"column":46}},"12":{"start":{"line":40,"column":42},"end":{"line":40,"column":56}},"13":{"start":{"line":41,"column":48},"end":{"line":41,"column":62}},"14":{"start":{"line":44,"column":2},"end":{"line":56,"column":9}},"15":{"start":{"line":45,"column":4},"end":{"line":55,"column":5}},"16":{"start":{"line":46,"column":6},"end":{"line":46,"column":81}},"17":{"start":{"line":47,"column":6},"end":{"line":47,"column":131}},"18":{"start":{"line":49,"column":6},"end":{"line":51,"column":9}},"19":{"start":{"line":52,"column":6},"end":{"line":52,"column":78}},"20":{"start":{"line":54,"column":6},"end":{"line":54,"column":135}},"21":{"start":{"line":59,"column":24},"end":{"line":62,"column":3}},"22":{"start":{"line":60,"column":23},"end":{"line":60,"column":51}},"23":{"start":{"line":61,"column":4},"end":{"line":61,"column":34}},"24":{"start":{"line":65,"column":28},"end":{"line":82,"column":3}},"25":{"start":{"line":67,"column":23},"end":{"line":67,"column":43}},"26":{"start":{"line":68,"column":26},"end":{"line":68,"column":46}},"27":{"start":{"line":70,"column":4},"end":{"line":70,"column":32}},"28":{"start":{"line":71,"column":4},"end":{"line":71,"column":38}},"29":{"start":{"line":73,"column":4},"end":{"line":75,"column":5}},"30":{"start":{"line":74,"column":6},"end":{"line":74,"column":13}},"31":{"start":{"line":77,"column":4},"end":{"line":81,"column":5}},"32":{"start":{"line":78,"column":6},"end":{"line":78,"column":45}},"33":{"start":{"line":80,"column":6},"end":{"line":80,"column":50}},"34":{"start":{"line":85,"column":34},"end":{"line":133,"column":3}},"35":{"start":{"line":86,"column":4},"end":{"line":132,"column":5}},"36":{"start":{"line":88,"column":6},"end":{"line":96,"column":7}},"37":{"start":{"line":89,"column":8},"end":{"line":95,"column":9}},"38":{"start":{"line":90,"column":10},"end":{"line":90,"column":85}},"39":{"start":{"line":92,"column":10},"end":{"line":92,"column":62}},"40":{"start":{"line":93,"column":10},"end":{"line":93,"column":125}},"41":{"start":{"line":94,"column":10},"end":{"line":94,"column":17}},"42":{"start":{"line":98,"column":6},"end":{"line":98,"column":31}},"43":{"start":{"line":99,"column":6},"end":{"line":129,"column":7}},"44":{"start":{"line":100,"column":8},"end":{"line":100,"column":82}},"45":{"start":{"line":101,"column":25},"end":{"line":101,"column":52}},"46":{"start":{"line":102,"column":8},"end":{"line":102,"column":86}},"47":{"start":{"line":104,"column":8},"end":{"line":115,"column":9}},"48":{"start":{"line":105,"column":26},"end":{"line":105,"column":47}},"49":{"start":{"line":106,"column":10},"end":{"line":106,"column":81}},"50":{"start":{"line":108,"column":10},"end":{"line":108,"column":39}},"51":{"start":{"line":109,"column":15},"end":{"line":115,"column":9}},"52":{"start":{"line":110,"column":10},"end":{"line":110,"column":91}},"53":{"start":{"line":111,"column":10},"end":{"line":111,"column":73}},"54":{"start":{"line":113,"column":10},"end":{"line":113,"column":102}},"55":{"start":{"line":114,"column":10},"end":{"line":114,"column":104}},"56":{"start":{"line":117,"column":8},"end":{"line":117,"column":105}},"57":{"start":{"line":118,"column":8},"end":{"line":126,"column":9}},"58":{"start":{"line":119,"column":10},"end":{"line":119,"column":69}},"59":{"start":{"line":120,"column":15},"end":{"line":126,"column":9}},"60":{"start":{"line":121,"column":10},"end":{"line":121,"column":72}},"61":{"start":{"line":122,"column":15},"end":{"line":126,"column":9}},"62":{"start":{"line":123,"column":10},"end":{"line":123,"column":82}},"63":{"start":{"line":125,"column":10},"end":{"line":125,"column":111}},"64":{"start":{"line":128,"column":8},"end":{"line":128,"column":34}},"65":{"start":{"line":131,"column":6},"end":{"line":131,"column":107}},"66":{"start":{"line":135,"column":2},"end":{"line":197,"column":4}},"67":{"start":{"line":201,"column":15},"end":{"line":269,"column":2}}},"fnMap":{"0":{"name":"LoginScreen","decl":{"start":{"line":33,"column":9},"end":{"line":33,"column":20}},"loc":{"start":{"line":33,"column":23},"end":{"line":198,"column":1}},"line":33},"1":{"name":"(anonymous_1)","decl":{"start":{"line":44,"column":12},"end":{"line":44,"column":13}},"loc":{"start":{"line":44,"column":18},"end":{"line":56,"column":3}},"line":44},"2":{"name":"(anonymous_2)","decl":{"start":{"line":59,"column":24},"end":{"line":59,"column":25}},"loc":{"start":{"line":59,"column":43},"end":{"line":62,"column":3}},"line":59},"3":{"name":"(anonymous_3)","decl":{"start":{"line":65,"column":28},"end":{"line":65,"column":29}},"loc":{"start":{"line":65,"column":40},"end":{"line":82,"column":3}},"line":65},"4":{"name":"(anonymous_4)","decl":{"start":{"line":85,"column":34},"end":{"line":85,"column":35}},"loc":{"start":{"line":85,"column":46},"end":{"line":133,"column":3}},"line":85}},"branchMap":{"0":{"loc":{"start":{"line":10,"column":0},"end":{"line":18,"column":1}},"type":"if","locations":[{"start":{"line":10,"column":0},"end":{"line":18,"column":1}},{"start":{},"end":{}}],"line":10},"1":{"loc":{"start":{"line":45,"column":4},"end":{"line":55,"column":5}},"type":"if","locations":[{"start":{"line":45,"column":4},"end":{"line":55,"column":5}},{"start":{"line":53,"column":11},"end":{"line":55,"column":5}}],"line":45},"2":{"loc":{"start":{"line":73,"column":4},"end":{"line":75,"column":5}},"type":"if","locations":[{"start":{"line":73,"column":4},"end":{"line":75,"column":5}},{"start":{},"end":{}}],"line":73},"3":{"loc":{"start":{"line":73,"column":8},"end":{"line":73,"column":37}},"type":"binary-expr","locations":[{"start":{"line":73,"column":8},"end":{"line":73,"column":19}},{"start":{"line":73,"column":23},"end":{"line":73,"column":37}}],"line":73},"4":{"loc":{"start":{"line":86,"column":4},"end":{"line":132,"column":5}},"type":"if","locations":[{"start":{"line":86,"column":4},"end":{"line":132,"column":5}},{"start":{"line":130,"column":11},"end":{"line":132,"column":5}}],"line":86},"5":{"loc":{"start":{"line":86,"column":8},"end":{"line":86,"column":33}},"type":"binary-expr","locations":[{"start":{"line":86,"column":8},"end":{"line":86,"column":17}},{"start":{"line":86,"column":21},"end":{"line":86,"column":33}}],"line":86},"6":{"loc":{"start":{"line":88,"column":6},"end":{"line":96,"column":7}},"type":"if","locations":[{"start":{"line":88,"column":6},"end":{"line":96,"column":7}},{"start":{},"end":{}}],"line":88},"7":{"loc":{"start":{"line":104,"column":8},"end":{"line":115,"column":9}},"type":"if","locations":[{"start":{"line":104,"column":8},"end":{"line":115,"column":9}},{"start":{"line":109,"column":15},"end":{"line":115,"column":9}}],"line":104},"8":{"loc":{"start":{"line":104,"column":12},"end":{"line":104,"column":65}},"type":"binary-expr","locations":[{"start":{"line":104,"column":12},"end":{"line":104,"column":39}},{"start":{"line":104,"column":43},"end":{"line":104,"column":65}}],"line":104},"9":{"loc":{"start":{"line":109,"column":15},"end":{"line":115,"column":9}},"type":"if","locations":[{"start":{"line":109,"column":15},"end":{"line":115,"column":9}},{"start":{"line":112,"column":15},"end":{"line":115,"column":9}}],"line":109},"10":{"loc":{"start":{"line":118,"column":8},"end":{"line":126,"column":9}},"type":"if","locations":[{"start":{"line":118,"column":8},"end":{"line":126,"column":9}},{"start":{"line":120,"column":15},"end":{"line":126,"column":9}}],"line":118},"11":{"loc":{"start":{"line":120,"column":15},"end":{"line":126,"column":9}},"type":"if","locations":[{"start":{"line":120,"column":15},"end":{"line":126,"column":9}},{"start":{"line":122,"column":15},"end":{"line":126,"column":9}}],"line":120},"12":{"loc":{"start":{"line":122,"column":15},"end":{"line":126,"column":9}},"type":"if","locations":[{"start":{"line":122,"column":15},"end":{"line":126,"column":9}},{"start":{"line":124,"column":15},"end":{"line":126,"column":9}}],"line":122},"13":{"loc":{"start":{"line":125,"column":39},"end":{"line":125,"column":109}},"type":"binary-expr","locations":[{"start":{"line":125,"column":39},"end":{"line":125,"column":52}},{"start":{"line":125,"column":56},"end":{"line":125,"column":109}}],"line":125},"14":{"loc":{"start":{"line":140,"column":7},"end":{"line":195,"column":7}},"type":"cond-expr","locations":[{"start":{"line":141,"column":8},"end":{"line":141,"column":58}},{"start":{"line":143,"column":8},"end":{"line":194,"column":11}}],"line":140},"15":{"loc":{"start":{"line":144,"column":11},"end":{"line":193,"column":11}},"type":"cond-expr","locations":[{"start":{"line":146,"column":12},"end":{"line":177,"column":19}},{"start":{"line":180,"column":12},"end":{"line":192,"column":19}}],"line":144},"16":{"loc":{"start":{"line":148,"column":38},"end":{"line":148,"column":72}},"type":"binary-expr","locations":[{"start":{"line":148,"column":38},"end":{"line":148,"column":51}},{"start":{"line":148,"column":55},"end":{"line":148,"column":72}}],"line":148},"17":{"loc":{"start":{"line":155,"column":15},"end":{"line":155,"column":108}},"type":"binary-expr","locations":[{"start":{"line":155,"column":15},"end":{"line":155,"column":28}},{"start":{"line":155,"column":32},"end":{"line":155,"column":108}}],"line":155},"18":{"loc":{"start":{"line":158,"column":38},"end":{"line":158,"column":75}},"type":"binary-expr","locations":[{"start":{"line":158,"column":38},"end":{"line":158,"column":54}},{"start":{"line":158,"column":58},"end":{"line":158,"column":75}}],"line":158},"19":{"loc":{"start":{"line":164,"column":15},"end":{"line":164,"column":123}},"type":"binary-expr","locations":[{"start":{"line":164,"column":15},"end":{"line":164,"column":31}},{"start":{"line":164,"column":35},"end":{"line":164,"column":123}}],"line":164},"20":{"loc":{"start":{"line":181,"column":15},"end":{"line":191,"column":15}},"type":"cond-expr","locations":[{"start":{"line":182,"column":16},"end":{"line":182,"column":66}},{"start":{"line":184,"column":16},"end":{"line":190,"column":35}}],"line":181},"21":{"loc":{"start":{"line":187,"column":28},"end":{"line":187,"column":90}},"type":"binary-expr","locations":[{"start":{"line":187,"column":28},"end":{"line":187,"column":43}},{"start":{"line":187,"column":47},"end":{"line":187,"column":58}},{"start":{"line":187,"column":63},"end":{"line":187,"column":72}},{"start":{"line":187,"column":76},"end":{"line":187,"column":89}}],"line":187}},"s":{"0":0,"1":0,"2":0,"3":0,"4":0,"5":0,"6":0,"7":0,"8":0,"9":0,"10":0,"11":0,"12":0,"13":0,"14":0,"15":0,"16":0,"17":0,"18":0,"19":0,"20":0,"21":0,"22":0,"23":0,"24":0,"25":0,"26":0,"27":0,"28":0,"29":0,"30":0,"31":0,"32":0,"33":0,"34":0,"35":0,"36":0,"37":0,"38":0,"39":0,"40":0,"41":0,"42":0,"43":0,"44":0,"45":0,"46":0,"47":0,"48":0,"49":0,"50":0,"51":0,"52":0,"53":0,"54":0,"55":0,"56":0,"57":0,"58":0,"59":0,"60":0,"61":0,"62":0,"63":0,"64":0,"65":0,"66":0,"67":0},"f":{"0":0,"1":0,"2":0,"3":0,"4":0},"b":{"0":[0,0],"1":[0,0],"2":[0,0],"3":[0,0],"4":[0,0],"5":[0,0],"6":[0,0],"7":[0,0],"8":[0,0],"9":[0,0],"10":[0,0],"11":[0,0],"12":[0,0],"13":[0,0],"14":[0,0],"15":[0,0],"16":[0,0],"17":[0,0],"18":[0,0],"19":[0,0],"20":[0,0],"21":[0,0,0,0]}}
,"C:\\Users\\anand\\PlanetLeagueApp\\app\\utils\\rewardApi.ts": {"path":"C:\\Users\\anand\\PlanetLeagueApp\\app\\utils\\rewardApi.ts","statementMap":{"0":{"start":{"line":11,"column":26},"end":{"line":65,"column":1}},"1":{"start":{"line":13,"column":17},"end":{"line":13,"column":57}},"2":{"start":{"line":14,"column":18},"end":{"line":14,"column":81}},"3":{"start":{"line":16,"column":2},"end":{"line":23,"column":3}},"4":{"start":{"line":17,"column":4},"end":{"line":17,"column":53}},"5":{"start":{"line":19,"column":4},"end":{"line":21,"column":5}},"6":{"start":{"line":20,"column":6},"end":{"line":20,"column":80}},"7":{"start":{"line":22,"column":4},"end":{"line":22,"column":11}},"8":{"start":{"line":25,"column":14},"end":{"line":25,"column":44}},"9":{"start":{"line":27,"column":2},"end":{"line":64,"column":3}},"10":{"start":{"line":28,"column":21},"end":{"line":35,"column":6}},"11":{"start":{"line":37,"column":4},"end":{"line":47,"column":5}},"12":{"start":{"line":39,"column":25},"end":{"line":39,"column":65}},"13":{"start":{"line":40,"column":6},"end":{"line":45,"column":7}},"14":{"start":{"line":41,"column":26},"end":{"line":41,"column":47}},"15":{"start":{"line":42,"column":8},"end":{"line":42,"column":57}},"16":{"start":{"line":46,"column":6},"end":{"line":46,"column":36}},"17":{"start":{"line":50,"column":19},"end":{"line":50,"column":40}},"18":{"start":{"line":51,"column":4},"end":{"line":51,"column":55}},"19":{"start":{"line":54,"column":4},"end":{"line":56,"column":5}},"20":{"start":{"line":55,"column":6},"end":{"line":55,"column":66}},"21":{"start":{"line":59,"column":4},"end":{"line":59,"column":52}},"22":{"start":{"line":61,"column":4},"end":{"line":63,"column":5}},"23":{"start":{"line":62,"column":6},"end":{"line":62,"column":81}},"24":{"start":{"line":68,"column":18},"end":{"line":70,"column":1}}},"fnMap":{"0":{"name":"(anonymous_0)","decl":{"start":{"line":11,"column":26},"end":{"line":11,"column":27}},"loc":{"start":{"line":11,"column":83},"end":{"line":65,"column":1}},"line":11}},"branchMap":{"0":{"loc":{"start":{"line":14,"column":18},"end":{"line":14,"column":81}},"type":"cond-expr","locations":[{"start":{"line":14,"column":27},"end":{"line":14,"column":43}},{"start":{"line":14,"column":46},"end":{"line":14,"column":81}}],"line":14},"1":{"loc":{"start":{"line":16,"column":2},"end":{"line":23,"column":3}},"type":"if","locations":[{"start":{"line":16,"column":2},"end":{"line":23,"column":3}},{"start":{},"end":{}}],"line":16},"2":{"loc":{"start":{"line":19,"column":4},"end":{"line":21,"column":5}},"type":"if","locations":[{"start":{"line":19,"column":4},"end":{"line":21,"column":5}},{"start":{},"end":{}}],"line":19},"3":{"loc":{"start":{"line":37,"column":4},"end":{"line":47,"column":5}},"type":"if","locations":[{"start":{"line":37,"column":4},"end":{"line":47,"column":5}},{"start":{},"end":{}}],"line":37},"4":{"loc":{"start":{"line":42,"column":23},"end":{"line":42,"column":56}},"type":"binary-expr","locations":[{"start":{"line":42,"column":23},"end":{"line":42,"column":40}},{"start":{"line":42,"column":44},"end":{"line":42,"column":56}}],"line":42},"5":{"loc":{"start":{"line":54,"column":4},"end":{"line":56,"column":5}},"type":"if","locations":[{"start":{"line":54,"column":4},"end":{"line":56,"column":5}},{"start":{},"end":{}}],"line":54},"6":{"loc":{"start":{"line":61,"column":4},"end":{"line":63,"column":5}},"type":"if","locations":[{"start":{"line":61,"column":4},"end":{"line":63,"column":5}},{"start":{},"end":{}}],"line":61},"7":{"loc":{"start":{"line":62,"column":34},"end":{"line":62,"column":79}},"type":"binary-expr","locations":[{"start":{"line":62,"column":34},"end":{"line":62,"column":47}},{"start":{"line":62,"column":51},"end":{"line":62,"column":79}}],"line":62}},"s":{"0":0,"1":0,"2":0,"3":0,"4":0,"5":0,"6":0,"7":0,"8":0,"9":0,"10":0,"11":0,"12":0,"13":0,"14":0,"15":0,"16":0,"17":0,"18":0,"19":0,"20":0,"21":0,"22":0,"23":0,"24":0},"f":{"0":0},"b":{"0":[0,0],"1":[0,0],"2":[0,0],"3":[0,0],"4":[0,0],"5":[0,0],"6":[0,0],"7":[0,0]}}
}
