TN:
SF:app\+not-found.tsx
FN:7,NotFoundScreen
FNF:1
FNH:0
FNDA:0,NotFoundScreen
DA:8,0
DA:21,0
LF:2
LH:0
BRF:0
BRH:0
end_of_record
TN:
SF:app\LoadingScreen.tsx
FN:5,LoadingScreen
FNF:1
FNH:0
FNDA:0,LoadingScreen
DA:6,0
DA:14,0
LF:2
LH:0
BRF:0
BRH:0
end_of_record
TN:
SF:app\LoginScreen.tsx
FN:34,LoginScreen
FN:41,(anonymous_1)
FN:60,(anonymous_2)
FN:113,(anonymous_3)
FNF:4
FNH:3
FNDA:13,LoginScreen
FNDA:7,(anonymous_1)
FNDA:6,(anonymous_2)
FNDA:0,(anonymous_3)
DA:32,1
DA:35,13
DA:36,13
DA:37,13
DA:38,13
DA:41,13
DA:42,7
DA:46,7
DA:56,7
DA:60,13
DA:61,6
DA:62,0
DA:63,0
DA:65,0
DA:66,0
DA:67,0
DA:71,6
DA:72,6
DA:73,6
DA:77,6
DA:78,6
DA:80,3
DA:84,3
DA:85,3
DA:86,2
DA:87,2
DA:90,2
DA:92,2
DA:93,0
DA:94,0
DA:95,0
DA:96,0
DA:98,0
DA:101,2
DA:103,2
DA:112,2
DA:113,1
DA:114,1
DA:117,1
DA:118,1
DA:120,1
DA:121,1
DA:125,5
DA:128,5
DA:129,1
DA:130,4
DA:131,0
DA:132,4
DA:133,1
DA:136,3
DA:139,6
DA:143,13
DA:195,1
LF:53
LH:42
BRDA:37,0,0,13
BRDA:37,0,1,0
BRDA:61,1,0,0
BRDA:61,1,1,6
BRDA:85,2,0,2
BRDA:85,2,1,1
BRDA:85,3,0,3
BRDA:85,3,1,3
BRDA:90,4,0,2
BRDA:90,4,1,0
BRDA:92,5,0,0
BRDA:92,5,1,2
BRDA:95,6,0,0
BRDA:95,6,1,0
BRDA:112,7,0,1
BRDA:112,7,1,1
BRDA:114,8,0,1
BRDA:114,8,1,0
BRDA:128,9,0,1
BRDA:128,9,1,4
BRDA:130,10,0,0
BRDA:130,10,1,4
BRDA:132,11,0,1
BRDA:132,11,1,3
BRDA:136,12,0,3
BRDA:136,12,1,0
BRDA:146,13,0,0
BRDA:146,13,1,13
BRDA:152,14,0,13
BRDA:152,14,1,0
BRDA:167,15,0,6
BRDA:167,15,1,7
BRF:32
BRH:21
end_of_record
TN:
SF:app\_layout.tsx
FN:17,RootLayoutNav
FN:25,(anonymous_1)
FN:26,(anonymous_2)
FN:32,(anonymous_3)
FN:48,(anonymous_4)
FN:66,RootLayout
FNF:6
FNH:0
FNDA:0,RootLayoutNav
FNDA:0,(anonymous_1)
FNDA:0,(anonymous_2)
FNDA:0,(anonymous_3)
FNDA:0,(anonymous_4)
FNDA:0,RootLayout
DA:14,0
DA:18,0
DA:19,0
DA:20,0
DA:21,0
DA:22,0
DA:25,0
DA:26,0
DA:27,0
DA:32,0
DA:33,0
DA:35,0
DA:38,0
DA:40,0
DA:41,0
DA:43,0
DA:48,0
DA:49,0
DA:53,0
DA:54,0
DA:57,0
DA:67,0
LF:22
LH:0
BRDA:33,0,0,0
BRDA:33,0,1,0
BRDA:33,1,0,0
BRDA:33,1,1,0
BRDA:38,2,0,0
BRDA:38,2,1,0
BRDA:38,3,0,0
BRDA:38,3,1,0
BRDA:41,4,0,0
BRDA:41,4,1,0
BRDA:41,5,0,0
BRDA:41,5,1,0
BRDA:53,6,0,0
BRDA:53,6,1,0
BRDA:58,7,0,0
BRDA:58,7,1,0
BRF:16
BRH:0
end_of_record
TN:
SF:app\gameplayer.tsx
FN:10,(anonymous_0)
FN:20,(anonymous_1)
FN:30,(anonymous_2)
FN:35,(anonymous_3)
FN:52,(anonymous_4)
FN:58,(anonymous_5)
FN:59,(anonymous_6)
FNF:7
FNH:5
FNDA:9,(anonymous_0)
FNDA:1,(anonymous_1)
FNDA:0,(anonymous_2)
FNDA:3,(anonymous_3)
FNDA:0,(anonymous_4)
FNDA:2,(anonymous_5)
FNDA:1,(anonymous_6)
DA:10,1
DA:11,9
DA:12,9
DA:13,9
DA:15,9
DA:17,2
DA:20,1
DA:25,7
DA:27,1
DA:30,0
DA:35,6
DA:38,3
DA:39,2
DA:41,1
DA:45,6
DA:53,0
DA:58,2
DA:59,1
DA:65,1
LF:19
LH:17
BRDA:15,0,0,2
BRDA:15,0,1,7
BRDA:25,1,0,1
BRDA:25,1,1,6
BRDA:38,2,0,2
BRDA:38,2,1,1
BRDA:38,3,0,3
BRDA:38,3,1,3
BRDA:47,4,0,6
BRDA:47,4,1,0
BRF:10
BRH:9
end_of_record
TN:
SF:app\index.tsx
FN:6,Index
FNF:1
FNH:0
FNDA:0,Index
DA:7,0
DA:10,0
DA:11,0
DA:15,0
LF:4
LH:0
BRDA:10,0,0,0
BRDA:10,0,1,0
BRDA:15,1,0,0
BRDA:15,1,1,0
BRF:4
BRH:0
end_of_record
TN:
SF:app\(auth)\_layout.tsx
FN:3,AuthLayout
FNF:1
FNH:0
FNDA:0,AuthLayout
DA:4,0
LF:1
LH:0
BRF:0
BRH:0
end_of_record
TN:
SF:app\(auth)\login.tsx
FN:13,LoginScreen
FNF:1
FNH:0
FNDA:0,LoginScreen
DA:14,0
DA:17,0
LF:2
LH:0
BRF:0
BRH:0
end_of_record
TN:
SF:app\(tabs)\_layout.tsx
FN:12,TabLayout
FN:53,(anonymous_1)
FN:64,(anonymous_2)
FN:75,(anonymous_3)
FNF:4
FNH:0
FNDA:0,TabLayout
FNDA:0,(anonymous_1)
FNDA:0,(anonymous_2)
FNDA:0,(anonymous_3)
DA:13,0
DA:14,0
DA:16,0
DA:54,0
DA:65,0
DA:76,0
LF:6
LH:0
BRDA:14,0,0,0
BRDA:14,0,1,0
BRDA:38,1,0,0
BRDA:38,1,1,0
BRDA:43,2,0,0
BRDA:43,2,1,0
BRDA:46,3,0,0
BRDA:46,3,1,0
BRDA:55,4,0,0
BRDA:55,4,1,0
BRDA:66,5,0,0
BRDA:66,5,1,0
BRDA:77,6,0,0
BRDA:77,6,1,0
BRF:14
BRH:0
end_of_record
TN:
SF:app\(tabs)\gamehub.tsx
FN:46,(anonymous_0)
FN:48,(anonymous_1)
FN:74,(anonymous_2)
FNF:3
FNH:3
FNDA:4,(anonymous_0)
FNDA:12,(anonymous_1)
FNDA:20,(anonymous_2)
DA:17,1
DA:42,1
DA:43,1
DA:44,1
DA:46,1
DA:48,4
DA:50,12
DA:68,4
DA:74,20
DA:83,1
LF:10
LH:10
BRF:0
BRH:0
end_of_record
TN:
SF:app\(tabs)\index.tsx
FN:3,IndexPage
FNF:1
FNH:0
FNDA:0,IndexPage
DA:4,0
LF:1
LH:0
BRF:0
BRH:0
end_of_record
TN:
SF:app\(tabs)\liveops.tsx
FN:31,LiveOpsScreen
FN:37,(anonymous_1)
FN:43,(anonymous_2)
FN:49,(anonymous_3)
FN:54,(anonymous_4)
FN:81,(anonymous_5)
FN:94,(anonymous_6)
FN:125,(anonymous_7)
FN:146,(anonymous_8)
FN:158,(anonymous_9)
FNF:10
FNH:0
FNDA:0,LiveOpsScreen
FNDA:0,(anonymous_1)
FNDA:0,(anonymous_2)
FNDA:0,(anonymous_3)
FNDA:0,(anonymous_4)
FNDA:0,(anonymous_5)
FNDA:0,(anonymous_6)
FNDA:0,(anonymous_7)
FNDA:0,(anonymous_8)
FNDA:0,(anonymous_9)
DA:9,0
DA:18,0
DA:32,0
DA:33,0
DA:34,0
DA:35,0
DA:37,0
DA:39,0
DA:43,0
DA:45,0
DA:49,0
DA:50,0
DA:55,0
DA:81,0
DA:94,0
DA:95,0
DA:126,0
DA:137,0
DA:146,0
DA:158,0
DA:176,0
LF:21
LH:0
BRDA:72,0,0,0
BRDA:72,0,1,0
BRDA:78,1,0,0
BRDA:78,1,1,0
BRDA:84,2,0,0
BRDA:84,2,1,0
BRDA:145,3,0,0
BRDA:145,3,1,0
BRDA:149,4,0,0
BRDA:149,4,1,0
BRDA:157,5,0,0
BRDA:157,5,1,0
BRDA:161,6,0,0
BRDA:161,6,1,0
BRDA:170,7,0,0
BRDA:170,7,1,0
BRF:16
BRH:0
end_of_record
TN:
SF:app\(tabs)\profile.tsx
FN:30,ProfileScreen
FN:37,(anonymous_1)
FN:41,(anonymous_2)
FN:42,(anonymous_3)
FN:48,(anonymous_4)
FN:53,(anonymous_5)
FN:74,(anonymous_6)
FN:81,(anonymous_7)
FN:99,(anonymous_8)
FN:106,(anonymous_9)
FN:108,(anonymous_10)
FN:124,(anonymous_11)
FN:129,(anonymous_12)
FN:130,(anonymous_13)
FN:198,(anonymous_14)
FN:212,(anonymous_15)
FN:226,(anonymous_16)
FNF:17
FNH:0
FNDA:0,ProfileScreen
FNDA:0,(anonymous_1)
FNDA:0,(anonymous_2)
FNDA:0,(anonymous_3)
FNDA:0,(anonymous_4)
FNDA:0,(anonymous_5)
FNDA:0,(anonymous_6)
FNDA:0,(anonymous_7)
FNDA:0,(anonymous_8)
FNDA:0,(anonymous_9)
FNDA:0,(anonymous_10)
FNDA:0,(anonymous_11)
FNDA:0,(anonymous_12)
FNDA:0,(anonymous_13)
FNDA:0,(anonymous_14)
FNDA:0,(anonymous_15)
FNDA:0,(anonymous_16)
DA:14,0
DA:22,0
DA:31,0
DA:32,0
DA:33,0
DA:34,0
DA:35,0
DA:37,0
DA:38,0
DA:41,0
DA:42,0
DA:48,0
DA:50,0
DA:53,0
DA:54,0
DA:74,0
DA:82,0
DA:99,0
DA:100,0
DA:106,0
DA:109,0
DA:124,0
DA:125,0
DA:129,0
DA:131,0
DA:151,0
DA:152,0
DA:169,0
DA:198,0
DA:212,0
DA:226,0
DA:266,0
LF:32
LH:0
BRDA:33,0,0,0
BRDA:33,0,1,0
BRDA:87,1,0,0
BRDA:87,1,1,0
BRDA:139,2,0,0
BRDA:139,2,1,0
BRDA:151,3,0,0
BRDA:151,3,1,0
BRDA:179,4,0,0
BRDA:179,4,1,0
BRDA:183,5,0,0
BRDA:183,5,1,0
BRDA:197,6,0,0
BRDA:197,6,1,0
BRDA:203,7,0,0
BRDA:203,7,1,0
BRDA:211,8,0,0
BRDA:211,8,1,0
BRDA:217,9,0,0
BRDA:217,9,1,0
BRDA:225,10,0,0
BRDA:225,10,1,0
BRDA:231,11,0,0
BRDA:231,11,1,0
BRDA:241,12,0,0
BRDA:241,12,1,0
BRDA:242,13,0,0
BRDA:242,13,1,0
BRDA:243,14,0,0
BRDA:243,14,1,0
BRDA:253,15,0,0
BRDA:253,15,1,0
BRF:32
BRH:0
end_of_record
TN:
SF:app\components\GameDataDisplay.tsx
FN:12,GameDataDisplay
FNF:1
FNH:1
FNDA:4,GameDataDisplay
DA:13,4
DA:14,4
DA:15,4
DA:18,4
DA:19,1
DA:28,3
DA:29,1
DA:46,2
DA:47,1
DA:93,1
DA:100,1
LF:11
LH:11
BRDA:15,0,0,4
BRDA:15,0,1,0
BRDA:18,1,0,1
BRDA:18,1,1,3
BRDA:28,2,0,1
BRDA:28,2,1,2
BRDA:28,3,0,3
BRDA:28,3,1,2
BRDA:46,4,0,1
BRDA:46,4,1,1
BRDA:143,5,0,1
BRDA:143,5,1,0
BRF:12
BRH:10
end_of_record
TN:
SF:app\components\NFTCard.tsx
FN:19,NFTCard
FN:24,(anonymous_1)
FN:42,(anonymous_2)
FN:82,(anonymous_3)
FN:99,(anonymous_4)
FNF:5
FNH:0
FNDA:0,NFTCard
FNDA:0,(anonymous_1)
FNDA:0,(anonymous_2)
FNDA:0,(anonymous_3)
FNDA:0,(anonymous_4)
DA:20,0
DA:21,0
DA:24,0
DA:25,0
DA:27,0
DA:29,0
DA:31,0
DA:33,0
DA:35,0
DA:37,0
DA:42,0
DA:43,0
DA:45,0
DA:56,0
DA:82,0
DA:99,0
DA:108,0
LF:17
LH:0
BRDA:21,0,0,0
BRDA:21,0,1,0
BRDA:25,1,0,0
BRDA:25,1,1,0
BRDA:25,1,2,0
BRDA:25,1,3,0
BRDA:25,1,4,0
BRDA:25,1,5,0
BRDA:50,2,0,0
BRDA:50,2,1,0
BRDA:52,3,0,0
BRDA:52,3,1,0
BRDA:64,4,0,0
BRDA:64,4,1,0
BRDA:79,5,0,0
BRDA:79,5,1,0
BRDA:87,6,0,0
BRDA:87,6,1,0
BRDA:89,7,0,0
BRDA:89,7,1,0
BRF:20
BRH:0
end_of_record
TN:
SF:app\components\ui\PlanetLeagueLogo.tsx
FN:12,PlanetLeagueLogo
FNF:1
FNH:1
FNDA:13,PlanetLeagueLogo
DA:13,13
DA:14,13
DA:17,13
DA:18,13
DA:19,13
DA:21,13
DA:102,1
LF:7
LH:7
BRDA:12,0,0,0
BRDA:12,1,0,0
BRDA:14,2,0,13
BRDA:14,2,1,0
BRDA:23,3,0,13
BRDA:23,3,1,0
BRDA:23,4,0,13
BRDA:23,4,1,0
BRDA:83,5,0,13
BRDA:83,5,1,13
BRF:10
BRH:5
end_of_record
TN:
SF:app\context\AuthContext.tsx
FN:55,(anonymous_0)
FN:56,(anonymous_1)
FN:57,(anonymous_2)
FN:58,(anonymous_3)
FN:59,(anonymous_4)
FN:60,(anonymous_5)
FN:72,(anonymous_6)
FN:86,(anonymous_7)
FN:87,(anonymous_8)
FN:121,(anonymous_9)
FN:134,(anonymous_10)
FN:135,(anonymous_11)
FN:147,(anonymous_12)
FN:149,(anonymous_13)
FN:159,(anonymous_14)
FN:216,(anonymous_15)
FN:220,(anonymous_16)
FN:223,(anonymous_17)
FN:246,(anonymous_18)
FN:258,(anonymous_19)
FN:270,(anonymous_20)
FN:279,(anonymous_21)
FN:281,(anonymous_22)
FN:291,(anonymous_23)
FN:354,(anonymous_24)
FN:359,(anonymous_25)
FN:361,(anonymous_26)
FN:441,(anonymous_27)
FN:446,(anonymous_28)
FN:452,(anonymous_29)
FN:458,(anonymous_30)
FN:495,(anonymous_31)
FN:504,(anonymous_32)
FN:530,(anonymous_33)
FNF:34
FNH:0
FNDA:0,(anonymous_0)
FNDA:0,(anonymous_1)
FNDA:0,(anonymous_2)
FNDA:0,(anonymous_3)
FNDA:0,(anonymous_4)
FNDA:0,(anonymous_5)
FNDA:0,(anonymous_6)
FNDA:0,(anonymous_7)
FNDA:0,(anonymous_8)
FNDA:0,(anonymous_9)
FNDA:0,(anonymous_10)
FNDA:0,(anonymous_11)
FNDA:0,(anonymous_12)
FNDA:0,(anonymous_13)
FNDA:0,(anonymous_14)
FNDA:0,(anonymous_15)
FNDA:0,(anonymous_16)
FNDA:0,(anonymous_17)
FNDA:0,(anonymous_18)
FNDA:0,(anonymous_19)
FNDA:0,(anonymous_20)
FNDA:0,(anonymous_21)
FNDA:0,(anonymous_22)
FNDA:0,(anonymous_23)
FNDA:0,(anonymous_24)
FNDA:0,(anonymous_25)
FNDA:0,(anonymous_26)
FNDA:0,(anonymous_27)
FNDA:0,(anonymous_28)
FNDA:0,(anonymous_29)
FNDA:0,(anonymous_30)
FNDA:0,(anonymous_31)
FNDA:0,(anonymous_32)
FNDA:0,(anonymous_33)
DA:48,3
DA:64,3
DA:65,3
DA:66,3
DA:72,3
DA:73,0
DA:83,0
DA:86,0
DA:87,0
DA:88,0
DA:89,0
DA:90,0
DA:92,0
DA:94,0
DA:95,0
DA:96,0
DA:98,0
DA:99,0
DA:102,0
DA:103,0
DA:107,0
DA:113,0
DA:115,0
DA:116,0
DA:121,0
DA:130,0
DA:134,0
DA:135,0
DA:137,0
DA:138,0
DA:142,0
DA:146,0
DA:148,0
DA:149,0
DA:152,0
DA:153,0
DA:154,0
DA:156,0
DA:157,0
DA:159,0
DA:160,0
DA:162,0
DA:164,0
DA:173,0
DA:174,0
DA:175,0
DA:176,0
DA:177,0
DA:179,0
DA:182,0
DA:184,0
DA:192,0
DA:193,0
DA:194,0
DA:196,0
DA:206,0
DA:208,0
DA:210,0
DA:211,0
DA:216,0
DA:221,0
DA:223,0
DA:226,0
DA:227,0
DA:228,0
DA:231,0
DA:240,0
DA:242,0
DA:243,0
DA:246,0
DA:259,0
DA:260,0
DA:261,0
DA:262,0
DA:267,0
DA:268,0
DA:269,0
DA:270,0
DA:273,0
DA:280,0
DA:281,0
DA:283,0
DA:285,0
DA:286,0
DA:287,0
DA:288,0
DA:289,0
DA:291,0
DA:292,0
DA:295,0
DA:296,0
DA:298,0
DA:307,0
DA:308,0
DA:309,0
DA:310,0
DA:311,0
DA:313,0
DA:316,0
DA:319,0
DA:320,0
DA:321,0
DA:325,0
DA:333,0
DA:334,0
DA:336,0
DA:338,0
DA:347,0
DA:348,0
DA:349,0
DA:354,0
DA:360,0
DA:361,0
DA:363,0
DA:365,0
DA:367,0
DA:368,0
DA:369,0
DA:370,0
DA:371,0
DA:372,0
DA:374,0
DA:377,0
DA:379,0
DA:381,0
DA:391,0
DA:392,0
DA:393,0
DA:394,0
DA:395,0
DA:397,0
DA:400,0
DA:403,0
DA:404,0
DA:405,0
DA:409,0
DA:417,0
DA:418,0
DA:419,0
DA:421,0
DA:423,0
DA:433,0
DA:434,0
DA:435,0
DA:441,0
DA:447,0
DA:448,0
DA:449,0
DA:452,0
DA:454,0
DA:455,0
DA:456,0
DA:457,0
DA:458,0
DA:459,0
DA:462,0
DA:463,0
DA:465,0
DA:473,0
DA:474,0
DA:475,0
DA:476,0
DA:477,0
DA:479,0
DA:482,0
DA:484,0
DA:485,0
DA:486,0
DA:489,0
DA:492,0
DA:495,0
DA:501,0
DA:503,0
DA:504,0
DA:506,0
DA:507,0
DA:517,0
DA:522,0
DA:530,3
LF:179
LH:6
BRDA:98,0,0,0
BRDA:98,0,1,0
BRDA:102,1,0,0
BRDA:102,1,1,0
BRDA:107,2,0,0
BRDA:107,2,1,0
BRDA:115,3,0,0
BRDA:115,3,1,0
BRDA:137,4,0,0
BRDA:137,4,1,0
BRDA:137,5,0,0
BRDA:137,5,1,0
BRDA:137,5,2,0
BRDA:152,6,0,0
BRDA:152,6,1,0
BRDA:153,7,0,0
BRDA:153,7,1,0
BRDA:156,8,0,0
BRDA:156,8,1,0
BRDA:173,9,0,0
BRDA:173,9,1,0
BRDA:177,10,0,0
BRDA:177,10,1,0
BRDA:210,11,0,0
BRDA:210,11,1,0
BRDA:213,12,0,0
BRDA:213,12,1,0
BRDA:242,13,0,0
BRDA:242,13,1,0
BRDA:261,14,0,0
BRDA:261,14,1,0
BRDA:268,15,0,0
BRDA:268,15,1,0
BRDA:285,16,0,0
BRDA:285,16,1,0
BRDA:286,17,0,0
BRDA:286,17,1,0
BRDA:288,18,0,0
BRDA:288,18,1,0
BRDA:307,19,0,0
BRDA:307,19,1,0
BRDA:311,20,0,0
BRDA:311,20,1,0
BRDA:319,21,0,0
BRDA:319,21,1,0
BRDA:319,22,0,0
BRDA:319,22,1,0
BRDA:319,22,2,0
BRDA:319,22,3,0
BRDA:348,23,0,0
BRDA:348,23,1,0
BRDA:351,24,0,0
BRDA:351,24,1,0
BRDA:368,25,0,0
BRDA:368,25,1,0
BRDA:369,26,0,0
BRDA:369,26,1,0
BRDA:371,27,0,0
BRDA:371,27,1,0
BRDA:391,28,0,0
BRDA:391,28,1,0
BRDA:395,29,0,0
BRDA:395,29,1,0
BRDA:403,30,0,0
BRDA:403,30,1,0
BRDA:403,31,0,0
BRDA:403,31,1,0
BRDA:403,31,2,0
BRDA:434,32,0,0
BRDA:434,32,1,0
BRDA:437,33,0,0
BRDA:437,33,1,0
BRDA:447,34,0,0
BRDA:447,34,1,0
BRDA:455,35,0,0
BRDA:455,35,1,0
BRDA:456,36,0,0
BRDA:456,36,1,0
BRDA:473,37,0,0
BRDA:473,37,1,0
BRDA:477,38,0,0
BRDA:477,38,1,0
BRDA:484,39,0,0
BRDA:484,39,1,0
BRDA:484,40,0,0
BRDA:484,40,1,0
BRDA:484,40,2,0
BRDA:506,41,0,0
BRDA:506,41,1,0
BRF:89
BRH:0
end_of_record
TN:
SF:app\screens\LoginScreen.tsx
FN:33,LoginScreen
FN:44,(anonymous_1)
FN:59,(anonymous_2)
FN:65,(anonymous_3)
FN:85,(anonymous_4)
FNF:5
FNH:0
FNDA:0,LoginScreen
FNDA:0,(anonymous_1)
FNDA:0,(anonymous_2)
FNDA:0,(anonymous_3)
FNDA:0,(anonymous_4)
DA:7,0
DA:10,0
DA:11,0
DA:12,0
DA:13,0
DA:14,0
DA:16,0
DA:30,0
DA:34,0
DA:35,0
DA:38,0
DA:39,0
DA:40,0
DA:41,0
DA:44,0
DA:45,0
DA:46,0
DA:47,0
DA:49,0
DA:52,0
DA:54,0
DA:59,0
DA:60,0
DA:61,0
DA:65,0
DA:67,0
DA:68,0
DA:70,0
DA:71,0
DA:73,0
DA:74,0
DA:77,0
DA:78,0
DA:80,0
DA:85,0
DA:86,0
DA:88,0
DA:89,0
DA:90,0
DA:92,0
DA:93,0
DA:94,0
DA:98,0
DA:99,0
DA:100,0
DA:101,0
DA:102,0
DA:104,0
DA:105,0
DA:106,0
DA:108,0
DA:109,0
DA:110,0
DA:111,0
DA:113,0
DA:114,0
DA:117,0
DA:118,0
DA:119,0
DA:120,0
DA:121,0
DA:122,0
DA:123,0
DA:125,0
DA:128,0
DA:131,0
DA:135,0
DA:201,0
LF:68
LH:0
BRDA:10,0,0,0
BRDA:10,0,1,0
BRDA:45,1,0,0
BRDA:45,1,1,0
BRDA:73,2,0,0
BRDA:73,2,1,0
BRDA:73,3,0,0
BRDA:73,3,1,0
BRDA:86,4,0,0
BRDA:86,4,1,0
BRDA:86,5,0,0
BRDA:86,5,1,0
BRDA:88,6,0,0
BRDA:88,6,1,0
BRDA:104,7,0,0
BRDA:104,7,1,0
BRDA:104,8,0,0
BRDA:104,8,1,0
BRDA:109,9,0,0
BRDA:109,9,1,0
BRDA:118,10,0,0
BRDA:118,10,1,0
BRDA:120,11,0,0
BRDA:120,11,1,0
BRDA:122,12,0,0
BRDA:122,12,1,0
BRDA:125,13,0,0
BRDA:125,13,1,0
BRDA:140,14,0,0
BRDA:140,14,1,0
BRDA:144,15,0,0
BRDA:144,15,1,0
BRDA:148,16,0,0
BRDA:148,16,1,0
BRDA:155,17,0,0
BRDA:155,17,1,0
BRDA:158,18,0,0
BRDA:158,18,1,0
BRDA:164,19,0,0
BRDA:164,19,1,0
BRDA:181,20,0,0
BRDA:181,20,1,0
BRDA:187,21,0,0
BRDA:187,21,1,0
BRDA:187,21,2,0
BRDA:187,21,3,0
BRF:46
BRH:0
end_of_record
TN:
SF:app\utils\rewardApi.ts
FN:11,(anonymous_0)
FNF:1
FNH:1
FNDA:4,(anonymous_0)
DA:11,2
DA:13,4
DA:14,4
DA:16,4
DA:17,0
DA:19,0
DA:20,0
DA:22,0
DA:25,4
DA:27,4
DA:28,4
DA:37,3
DA:39,1
DA:40,1
DA:41,1
DA:42,1
DA:46,1
DA:50,2
DA:51,2
DA:54,2
DA:55,0
DA:59,2
DA:61,2
DA:62,0
DA:68,2
LF:25
LH:19
BRDA:14,0,0,4
BRDA:14,0,1,0
BRDA:16,1,0,0
BRDA:16,1,1,4
BRDA:19,2,0,0
BRDA:19,2,1,0
BRDA:37,3,0,1
BRDA:37,3,1,2
BRDA:42,4,0,1
BRDA:42,4,1,0
BRDA:54,5,0,0
BRDA:54,5,1,2
BRDA:61,6,0,0
BRDA:61,6,1,2
BRDA:62,7,0,0
BRDA:62,7,1,0
BRF:16
BRH:7
end_of_record
